#
# A fatal error has been detected by the Java Runtime Environment:
#
#  SIGBUS (0xa) at pc=0x0000000106d920b7, pid=47765, tid=21763
#
# JRE version: Java(TM) SE Runtime Environment (7.0_65-b17) (build 1.7.0_65-b17)
# Java VM: Java HotSpot(TM) 64-Bit Server VM (24.65-b04 mixed mode bsd-amd64 compressed oops)
# Problematic frame:
# C  [libzip.dylib+0x30b7]  newEntry+0x154
#
# Failed to write core dump. Core dumps have been disabled. To enable core dumping, try "ulimit -c unlimited" before starting Java again
#
# If you would like to submit a bug report, please visit:
#   http://bugreport.sun.com/bugreport/crash.jsp
# The crash happened outside the Java Virtual Machine in native code.
# See problematic frame for where to report the bug.
#

---------------  T H R E A D  ---------------

Current thread (0x00007f8b72289000):  JavaThread "dw-15 - GET /" [_thread_in_native, id=21763, stack(0x000000010fa03000,0x000000010fb03000)]

siginfo:si_signo=SIGBUS: si_errno=0, si_code=2 (BUS_ADRERR), si_addr=0x000000010ef0dfd5

Registers:
RAX=0x00007f8b71537b50, RBX=0x000000010ef0dfc9, RCX=0x0000000000000001, RDX=0x0000000000000000
RSP=0x000000010fb00350, RBP=0x000000010fb003b0, RSI=0x00000000ffffffc3, RDI=0x0000000106b1c400
R8 =0x0000000000000004, R9 =0x00007f8b71600000, R10=0x00000000da03a8b9, R11=0x00000000580665b8
R12=0x0000000000000030, R13=0x000000010eec3000, R14=0x00007f8b71537b50, R15=0x00007f8b717a2d10
RIP=0x0000000106d920b7, EFLAGS=0x0000000000010206, ERR=0x0000000000000004
  TRAPNO=0x000000000000000e

Top of Stack: (sp=0x000000010fb00350)
0x000000010fb00350:   000000010fb003a0 0000000006d926e9
0x000000010fb00360:   0000000000000003 0000000072289000
0x000000010fb00370:   000000010fb00390 00007f8b71537b50
0x000000010fb00380:   00007f8b716b6810 0000000000309f2b
0x000000010fb00390:   0000000000000030 000000010eec3000
0x000000010fb003a0:   00007f8b71537b50 00007f8b717a2d10
0x000000010fb003b0:   000000010fb00400 0000000106d92725
0x000000010fb003c0:   0000000000000003 0000000072289000
0x000000010fb003d0:   000000010fb0041e 000000010fb00868
0x000000010fb003e0:   0000000000000003 000000010fb0041e
0x000000010fb003f0:   00007f8b71537b50 00007f8b722891e8
0x000000010fb00400:   000000010fb00850 0000000106d91570
0x000000010fb00410:   00000007bc5e4148 7767000000000001
0x000000010fb00420:   0000000100002f74 00007fff00000000
0x000000010fb00430:   0000000100000000 0000000700000000
0x000000010fb00440:   0000000000000000 0000000700000000
0x000000010fb00450:   0000000100000000 00007f8b00000000
0x000000010fb00460:   0000000100000000 00000001bc5dec08
0x000000010fb00470:   0000014700000000 00000007bc5e2200
0x000000010fb00480:   ffff000000000000 0000000100000000
0x000000010fb00490:   0000000700000000 00000001bc5e2200
0x000000010fb004a0:   0000000700000000 0000000000000000
0x000000010fb004b0:   0000000700000000 0000000000000000
0x000000010fb004c0:   0000000100000000 0000000100000000
0x000000010fb004d0:   00000001bc5ded48 00000007bc5ded48
0x000000010fb004e0:   0000000000000000 00000001bc5e2040
0x000000010fb004f0:   0000000100000000 0000000700000000
0x000000010fb00500:   0000000100000000 0000000700000000
0x000000010fb00510:   0000000100000000 0000000700000000
0x000000010fb00520:   0000000100000000 0000000700000000
0x000000010fb00530:   00000000bc5dc610 00000007bc5dc610
0x000000010fb00540:   0000000000000000 00000007bc5e0210 

Instructions: (pc=0x0000000106d920b7)
0x0000000106d92097:   49 8b 7f 38 e8 9c 1a 00 00 4d 89 77 38 49 89 5f
0x0000000106d920a7:   40 4c 89 f0 48 85 c0 0f 84 16 05 00 00 48 89 c3
0x0000000106d920b7:   0f b6 43 0c 0f b6 4b 0d 48 c1 e1 08 48 01 c1 0f
0x0000000106d920c7:   b6 43 0e 0f b6 53 0f 48 c1 e2 08 48 01 c2 48 c1 

Register to memory mapping:

RAX=0x00007f8b71537b50 is an unknown value
RBX=0x000000010ef0dfc9 is an unknown value
RCX=0x0000000000000001 is an unknown value
RDX=0x0000000000000000 is an unknown value
RSP=0x000000010fb00350 is pointing into the stack for thread: 0x00007f8b72289000
RBP=0x000000010fb003b0 is pointing into the stack for thread: 0x00007f8b72289000
RSI=0x00000000ffffffc3 is an unknown value
RDI=0x0000000106b1c400 is an unknown value
R8 =0x0000000000000004 is an unknown value
R9 =0x00007f8b71600000 is an unknown value
R10=0x00000000da03a8b9 is an unknown value
R11=0x00000000580665b8 is an unknown value
R12=0x0000000000000030 is an unknown value
R13=0x000000010eec3000 is an unknown value
R14=0x00007f8b71537b50 is an unknown value
R15=0x00007f8b717a2d10 is an unknown value


Stack: [0x000000010fa03000,0x000000010fb03000],  sp=0x000000010fb00350,  free space=1012k
Native frames: (J=compiled Java code, j=interpreted, Vv=VM code, C=native code)
C  [libzip.dylib+0x30b7]  newEntry+0x154
C  [libzip.dylib+0x3725]  ZIP_GetEntry+0xa2
C  [libzip.dylib+0x2570]  Java_java_util_zip_ZipFile_getEntry+0xdd
J 49  java.util.zip.ZipFile.getEntry(J[BZ)J (0 bytes) @ 0x0000000107ce074e [0x0000000107ce0680+0xce]

Java frames: (J=compiled Java code, j=interpreted, Vv=VM code)
J 49  java.util.zip.ZipFile.getEntry(J[BZ)J (0 bytes) @ 0x0000000107ce06d8 [0x0000000107ce0680+0x58]
J 51 C2 java.util.zip.ZipFile.getEntry(Ljava/lang/String;)Ljava/util/zip/ZipEntry; (86 bytes) @ 0x0000000107cdc458 [0x0000000107cdc380+0xd8]
J 52 C2 java.util.jar.JarFile.getJarEntry(Ljava/lang/String;)Ljava/util/jar/JarEntry; (9 bytes) @ 0x0000000107ce5068 [0x0000000107ce5020+0x48]
j  sun.misc.URLClassPath$JarLoader.getResource(Ljava/lang/String;Z)Lsun/misc/Resource;+48
j  sun.misc.URLClassPath$JarLoader.findResource(Ljava/lang/String;Z)Ljava/net/URL;+3
j  sun.misc.URLClassPath.findResource(Ljava/lang/String;Z)Ljava/net/URL;+17
j  java.net.URLClassLoader$2.run()Ljava/net/URL;+12
j  java.net.URLClassLoader$2.run()Ljava/lang/Object;+1
v  ~StubRoutines::call_stub
j  java.security.AccessController.doPrivileged(Ljava/security/PrivilegedAction;Ljava/security/AccessControlContext;)Ljava/lang/Object;+0
j  java.net.URLClassLoader.findResource(Ljava/lang/String;)Ljava/net/URL;+13
j  java.lang.ClassLoader.getResource(Ljava/lang/String;)Ljava/net/URL;+30
j  com.google.common.io.Resources.getResource(Ljava/lang/String;)Ljava/net/URL;+21
j  io.dropwizard.servlets.assets.AssetServlet.loadAsset(Ljava/lang/String;)Lio/dropwizard/servlets/assets/AssetServlet$CachedAsset;+58
j  io.dropwizard.servlets.assets.AssetServlet.doGet(Ljavax/servlet/http/HttpServletRequest;Ljavax/servlet/http/HttpServletResponse;)V+39
j  javax.servlet.http.HttpServlet.service(Ljavax/servlet/http/HttpServletRequest;Ljavax/servlet/http/HttpServletResponse;)V+35
j  javax.servlet.http.HttpServlet.service(Ljavax/servlet/ServletRequest;Ljavax/servlet/ServletResponse;)V+30
j  io.dropwizard.jetty.NonblockingServletHolder.handle(Lorg/eclipse/jetty/server/Request;Ljavax/servlet/ServletRequest;Ljavax/servlet/ServletResponse;)V+24
j  org.eclipse.jetty.servlet.ServletHandler$CachedChain.doFilter(Ljavax/servlet/ServletRequest;Ljavax/servlet/ServletResponse;)V+237
j  org.eclipse.jetty.servlets.UserAgentFilter.doFilter(Ljavax/servlet/ServletRequest;Ljavax/servlet/ServletResponse;Ljavax/servlet/FilterChain;)V+36
j  org.eclipse.jetty.servlets.GzipFilter.doFilter(Ljavax/servlet/ServletRequest;Ljavax/servlet/ServletResponse;Ljavax/servlet/FilterChain;)V+376
j  io.dropwizard.jetty.BiDiGzipFilter.doFilter(Ljavax/servlet/ServletRequest;Ljavax/servlet/ServletResponse;Ljavax/servlet/FilterChain;)V+75
j  org.eclipse.jetty.servlet.ServletHandler$CachedChain.doFilter(Ljavax/servlet/ServletRequest;Ljavax/servlet/ServletResponse;)V+100
j  io.dropwizard.servlets.ThreadNameFilter.doFilter(Ljavax/servlet/ServletRequest;Ljavax/servlet/ServletResponse;Ljavax/servlet/FilterChain;)V+33
j  org.eclipse.jetty.servlet.ServletHandler$CachedChain.doFilter(Ljavax/servlet/ServletRequest;Ljavax/servlet/ServletResponse;)V+100
j  io.dropwizard.jersey.filter.AllowedMethodsFilter.handle(Ljavax/servlet/http/HttpServletRequest;Ljavax/servlet/http/HttpServletResponse;Ljavax/servlet/FilterChain;)V+21
j  io.dropwizard.jersey.filter.AllowedMethodsFilter.doFilter(Ljavax/servlet/ServletRequest;Ljavax/servlet/ServletResponse;Ljavax/servlet/FilterChain;)V+10
j  org.eclipse.jetty.servlet.ServletHandler$CachedChain.doFilter(Ljavax/servlet/ServletRequest;Ljavax/servlet/ServletResponse;)V+100
j  org.eclipse.jetty.servlet.ServletHandler.doHandle(Ljava/lang/String;Lorg/eclipse/jetty/server/Request;Ljavax/servlet/http/HttpServletRequest;Ljavax/servlet/http/HttpServletResponse;)V+200
j  org.eclipse.jetty.server.handler.ContextHandler.doHandle(Ljava/lang/String;Lorg/eclipse/jetty/server/Request;Ljavax/servlet/http/HttpServletRequest;Ljavax/servlet/http/HttpServletResponse;)V+369
j  org.eclipse.jetty.servlet.ServletHandler.doScope(Ljava/lang/String;Lorg/eclipse/jetty/server/Request;Ljavax/servlet/http/HttpServletRequest;Ljavax/servlet/http/HttpServletResponse;)V+274
j  org.eclipse.jetty.server.handler.ContextHandler.doScope(Ljava/lang/String;Lorg/eclipse/jetty/server/Request;Ljavax/servlet/http/HttpServletRequest;Ljavax/servlet/http/HttpServletResponse;)V+437
j  org.eclipse.jetty.server.handler.ScopedHandler.handle(Ljava/lang/String;Lorg/eclipse/jetty/server/Request;Ljavax/servlet/http/HttpServletRequest;Ljavax/servlet/http/HttpServletResponse;)V+20
j  org.eclipse.jetty.server.handler.HandlerWrapper.handle(Ljava/lang/String;Lorg/eclipse/jetty/server/Request;Ljavax/servlet/http/HttpServletRequest;Ljavax/servlet/http/HttpServletResponse;)V+23
j  com.codahale.metrics.jetty9.InstrumentedHandler.handle(Ljava/lang/String;Lorg/eclipse/jetty/server/Request;Ljavax/servlet/http/HttpServletRequest;Ljavax/servlet/http/HttpServletResponse;)V+70
j  io.dropwizard.jetty.RoutingHandler.handle(Ljava/lang/String;Lorg/eclipse/jetty/server/Request;Ljavax/servlet/http/HttpServletRequest;Ljavax/servlet/http/HttpServletResponse;)V+57
j  org.eclipse.jetty.server.handler.HandlerWrapper.handle(Ljava/lang/String;Lorg/eclipse/jetty/server/Request;Ljavax/servlet/http/HttpServletRequest;Ljavax/servlet/http/HttpServletResponse;)V+23
j  org.eclipse.jetty.server.handler.RequestLogHandler.handle(Ljava/lang/String;Lorg/eclipse/jetty/server/Request;Ljavax/servlet/http/HttpServletRequest;Ljavax/servlet/http/HttpServletResponse;)V+6
j  org.eclipse.jetty.server.handler.HandlerWrapper.handle(Ljava/lang/String;Lorg/eclipse/jetty/server/Request;Ljavax/servlet/http/HttpServletRequest;Ljavax/servlet/http/HttpServletResponse;)V+23
j  org.eclipse.jetty.server.handler.StatisticsHandler.handle(Ljava/lang/String;Lorg/eclipse/jetty/server/Request;Ljavax/servlet/http/HttpServletRequest;Ljavax/servlet/http/HttpServletResponse;)V+74
j  org.eclipse.jetty.server.handler.HandlerWrapper.handle(Ljava/lang/String;Lorg/eclipse/jetty/server/Request;Ljavax/servlet/http/HttpServletRequest;Ljavax/servlet/http/HttpServletResponse;)V+23
j  org.eclipse.jetty.server.Server.handle(Lorg/eclipse/jetty/server/HttpChannel;)V+118
j  org.eclipse.jetty.server.HttpChannel.handle()Z+207
j  org.eclipse.jetty.server.HttpConnection.onFillable()V+105
j  org.eclipse.jetty.io.AbstractConnection$ReadCallback.run()V+23
j  org.eclipse.jetty.util.thread.QueuedThreadPool.runJob(Ljava/lang/Runnable;)V+1
j  org.eclipse.jetty.util.thread.QueuedThreadPool$3.run()V+73
j  java.lang.Thread.run()V+11
v  ~StubRoutines::call_stub

---------------  P R O C E S S  ---------------

Java Threads: ( => current thread )
  0x00007f8b73828800 JavaThread "dw-admin-59" [_thread_blocked, id=31279, stack(0x0000000111249000,0x0000000111349000)]
  0x00007f8b721a3000 JavaThread "Scheduler-1802738469" [_thread_blocked, id=34307, stack(0x0000000110fc5000,0x00000001110c5000)]
  0x00007f8b7180e000 JavaThread "DestroyJavaVM" [_thread_blocked, id=6915, stack(0x0000000106c46000,0x0000000106d46000)]
  0x00007f8b71c25800 JavaThread "dw-admin-37-acceptor-0-admin@1f109723{HTTP/1.1}{0.0.0.0:8081}" [_thread_in_native, id=32779, stack(0x0000000110cbc000,0x0000000110dbc000)]
  0x00007f8b718cd000 JavaThread "dw-admin-36-selector-1" [_thread_in_native, id=33283, stack(0x0000000110dbf000,0x0000000110ebf000)]
  0x00007f8b71b49000 JavaThread "dw-admin-34-selector-0" [_thread_in_native, id=30467, stack(0x0000000110b36000,0x0000000110c36000)]
  0x00007f8b71b48800 JavaThread "Timer-0" daemon [_thread_blocked, id=29955, stack(0x0000000110a33000,0x0000000110b33000)]
  0x00007f8b71c04800 JavaThread "DefaultQuartzScheduler_QuartzSchedulerThread" [_thread_blocked, id=29443, stack(0x0000000110930000,0x0000000110a30000)]
  0x00007f8b7253f800 JavaThread "DefaultQuartzScheduler_Worker-10" [_thread_blocked, id=28931, stack(0x000000011082d000,0x000000011092d000)]
  0x00007f8b721d3000 JavaThread "DefaultQuartzScheduler_Worker-9" [_thread_blocked, id=28419, stack(0x000000011072a000,0x000000011082a000)]
  0x00007f8b71c03800 JavaThread "DefaultQuartzScheduler_Worker-8" [_thread_blocked, id=27907, stack(0x0000000110627000,0x0000000110727000)]
  0x00007f8b721d2800 JavaThread "DefaultQuartzScheduler_Worker-7" [_thread_blocked, id=27395, stack(0x0000000110524000,0x0000000110624000)]
  0x00007f8b718b2800 JavaThread "DefaultQuartzScheduler_Worker-6" [_thread_blocked, id=26883, stack(0x0000000110421000,0x0000000110521000)]
  0x00007f8b724b2800 JavaThread "DefaultQuartzScheduler_Worker-5" [_thread_blocked, id=26371, stack(0x000000011031e000,0x000000011041e000)]
  0x00007f8b718ae000 JavaThread "DefaultQuartzScheduler_Worker-4" [_thread_blocked, id=25859, stack(0x000000011021b000,0x000000011031b000)]
  0x00007f8b724b2000 JavaThread "DefaultQuartzScheduler_Worker-3" [_thread_blocked, id=25347, stack(0x0000000110118000,0x0000000110218000)]
  0x00007f8b71b8f000 JavaThread "DefaultQuartzScheduler_Worker-2" [_thread_blocked, id=24835, stack(0x0000000110015000,0x0000000110115000)]
  0x00007f8b7216a800 JavaThread "DefaultQuartzScheduler_Worker-1" [_thread_blocked, id=24323, stack(0x000000010ff12000,0x0000000110012000)]
  0x00007f8b72169800 JavaThread "dw-19" [_thread_blocked, id=23811, stack(0x000000010fe0f000,0x000000010ff0f000)]
  0x00007f8b72297000 JavaThread "dw-18" [_thread_blocked, id=23299, stack(0x000000010fd0c000,0x000000010fe0c000)]
  0x00007f8b72296800 JavaThread "dw-17" [_thread_blocked, id=22787, stack(0x000000010fc09000,0x000000010fd09000)]
  0x00007f8b72289800 JavaThread "dw-16" [_thread_blocked, id=22275, stack(0x000000010fb06000,0x000000010fc06000)]
=>0x00007f8b72289000 JavaThread "dw-15 - GET /" [_thread_in_native, id=21763, stack(0x000000010fa03000,0x000000010fb03000)]
  0x00007f8b7214f800 JavaThread "dw-14-acceptor-0-application@6dea0585{HTTP/1.1}{0.0.0.0:8080}" [_thread_in_native, id=21251, stack(0x000000010f900000,0x000000010fa00000)]
  0x00007f8b7214f000 JavaThread "dw-13-selector-1" [_thread_in_native, id=20739, stack(0x000000010f7fd000,0x000000010f8fd000)]
  0x00007f8b72035000 JavaThread "dw-12-selector-0" [_thread_in_native, id=20227, stack(0x000000010f6fa000,0x000000010f7fa000)]
  0x00007f8b722e7000 JavaThread "DateCache" daemon [_thread_blocked, id=13063, stack(0x000000010f57a000,0x000000010f67a000)]
  0x00007f8b72224800 JavaThread "async-console-appender-2" [_thread_blocked, id=14603, stack(0x000000010e6dd000,0x000000010e7dd000)]
  0x00007f8b71aba000 JavaThread "async-console-appender-1" [_thread_blocked, id=19459, stack(0x000000010f327000,0x000000010f427000)]
  0x00007f8b71845000 JavaThread "Service Thread" daemon [_thread_blocked, id=18435, stack(0x000000010eaec000,0x000000010ebec000)]
  0x00007f8b7183f000 JavaThread "C2 CompilerThread1" daemon [_thread_blocked, id=17923, stack(0x000000010e9e9000,0x000000010eae9000)]
  0x00007f8b72047800 JavaThread "C2 CompilerThread0" daemon [_thread_blocked, id=17411, stack(0x000000010e8e6000,0x000000010e9e6000)]
  0x00007f8b72047000 JavaThread "Signal Dispatcher" daemon [_thread_blocked, id=16899, stack(0x000000010e7e3000,0x000000010e8e3000)]
  0x00007f8b72029800 JavaThread "Finalizer" daemon [_thread_blocked, id=12035, stack(0x000000010e594000,0x000000010e694000)]
  0x00007f8b72029000 JavaThread "Reference Handler" daemon [_thread_blocked, id=11523, stack(0x000000010e491000,0x000000010e591000)]

Other Threads:
  0x00007f8b72028000 VMThread [stack: 0x000000010e38e000,0x000000010e48e000] [id=11011]
  0x00007f8b72033800 WatcherThread [stack: 0x000000010ebef000,0x000000010ecef000] [id=18947]

VM state:not at safepoint (normal execution)

VM Mutex/Monitor currently owned by a thread: None

Heap
 PSYoungGen      total 63488K, used 16585K [0x00000007eaa80000, 0x00000007f1b00000, 0x0000000800000000)
  eden space 62464K, 25% used [0x00000007eaa80000,0x00000007eba25608,0x00000007ee780000)
  from space 1024K, 55% used [0x00000007f0e00000,0x00000007f0e8d030,0x00000007f0f00000)
  to   space 7168K, 0% used [0x00000007f1400000,0x00000007f1400000,0x00000007f1b00000)
 ParOldGen       total 43520K, used 13927K [0x00000007c0000000, 0x00000007c2a80000, 0x00000007eaa80000)
  object space 43520K, 32% used [0x00000007c0000000,0x00000007c0d99fd8,0x00000007c2a80000)
 PSPermGen       total 24576K, used 24468K [0x00000007bae00000, 0x00000007bc600000, 0x00000007c0000000)
  object space 24576K, 99% used [0x00000007bae00000,0x00000007bc5e5138,0x00000007bc600000)

Card table byte_map: [0x000000010ad1f000,0x000000010af49000] byte_map_base: 0x0000000106f48000

Polling page: 0x0000000106d85000

Code Cache  [0x0000000107c5f000, 0x0000000107ecf000, 0x000000010ac5f000)
 total_blobs=780 nmethods=422 adapters=312 free_code_cache=47663Kb largest_free_block=48579520

Compilation events (10 events):
Event: 712.716 Thread 0x00007f8b7183f000  448             java.text.DontCareFieldPosition$1::formatted (1 bytes)
Event: 712.716 Thread 0x00007f8b7183f000 nmethod 448 0x0000000107e02490 code [0x0000000107e025c0, 0x0000000107e02618]
Event: 717.716 Thread 0x00007f8b7183f000  449             java.text.SimpleDateFormat::subFormat (1080 bytes)
Event: 718.977 Thread 0x00007f8b7183f000 nmethod 449 0x0000000107d952d0 code [0x0000000107d95ae0, 0x0000000107d9c750]
Event: 751.130 Thread 0x00007f8b72047800  450 % !         io.dropwizard.logging.AsyncAppender$Worker::run @ 0 (168 bytes)
Event: 751.159 Thread 0x00007f8b72047800 nmethod 450% 0x0000000107dfded0 code [0x0000000107dfe0e0, 0x0000000107dfe710]
Event: 758.312 Thread 0x00007f8b7183f000  451 % !         org.quartz.simpl.SimpleThreadPool$WorkerThread::run @ 19 (512 bytes)
Event: 758.415 Thread 0x00007f8b7183f000 nmethod 451% 0x0000000107da4ad0 code [0x0000000107da4da0, 0x0000000107da62c8]
Event: 1038.716 Thread 0x00007f8b72047800  452             java.util.TaskQueue::isEmpty (13 bytes)
Event: 1038.717 Thread 0x00007f8b72047800 nmethod 452 0x0000000107dfdcd0 code [0x0000000107dfde00, 0x0000000107dfde78]

GC Heap History (10 events):
Event: 16.644 GC heap before
{Heap before GC invocations=7 (full 0):
 PSYoungGen      total 39424K, used 38073K [0x00000007eaa80000, 0x00000007ed680000, 0x0000000800000000)
  eden space 33792K, 100% used [0x00000007eaa80000,0x00000007ecb80000,0x00000007ecb80000)
  from space 5632K, 76% used [0x00000007ed100000,0x00000007ed52e4c8,0x00000007ed680000)
  to   space 5632K, 0% used [0x00000007ecb80000,0x00000007ecb80000,0x00000007ed100000)
 ParOldGen       total 43520K, used 9787K [0x00000007c0000000, 0x00000007c2a80000, 0x00000007eaa80000)
  object space 43520K, 22% used [0x00000007c0000000,0x00000007c098ef48,0x00000007c2a80000)
 PSPermGen       total 24576K, used 24300K [0x00000007bae00000, 0x00000007bc600000, 0x00000007c0000000)
  object space 24576K, 98% used [0x00000007bae00000,0x00000007bc5bb1b0,0x00000007bc600000)
Event: 16.702 GC heap after
Heap after GC invocations=7 (full 0):
 PSYoungGen      total 39424K, used 4932K [0x00000007eaa80000, 0x00000007ef780000, 0x0000000800000000)
  eden space 33792K, 0% used [0x00000007eaa80000,0x00000007eaa80000,0x00000007ecb80000)
  from space 5632K, 87% used [0x00000007ecb80000,0x00000007ed051360,0x00000007ed100000)
  to   space 5632K, 0% used [0x00000007ef200000,0x00000007ef200000,0x00000007ef780000)
 ParOldGen       total 43520K, used 10691K [0x00000007c0000000, 0x00000007c2a80000, 0x00000007eaa80000)
  object space 43520K, 24% used [0x00000007c0000000,0x00000007c0a70f98,0x00000007c2a80000)
 PSPermGen       total 24576K, used 24300K [0x00000007bae00000, 0x00000007bc600000, 0x00000007c0000000)
  object space 24576K, 98% used [0x00000007bae00000,0x00000007bc5bb1b0,0x00000007bc600000)
}
Event: 36.615 GC heap before
{Heap before GC invocations=8 (full 0):
 PSYoungGen      total 39424K, used 38724K [0x00000007eaa80000, 0x00000007ef780000, 0x0000000800000000)
  eden space 33792K, 100% used [0x00000007eaa80000,0x00000007ecb80000,0x00000007ecb80000)
  from space 5632K, 87% used [0x00000007ecb80000,0x00000007ed051360,0x00000007ed100000)
  to   space 5632K, 0% used [0x00000007ef200000,0x00000007ef200000,0x00000007ef780000)
 ParOldGen       total 43520K, used 10691K [0x00000007c0000000, 0x00000007c2a80000, 0x00000007eaa80000)
  object space 43520K, 24% used [0x00000007c0000000,0x00000007c0a70f98,0x00000007c2a80000)
 PSPermGen       total 24576K, used 24381K [0x00000007bae00000, 0x00000007bc600000, 0x00000007c0000000)
  object space 24576K, 99% used [0x00000007bae00000,0x00000007bc5cf458,0x00000007bc600000)
Event: 36.632 GC heap after
Heap after GC invocations=8 (full 0):
 PSYoungGen      total 73216K, used 2720K [0x00000007eaa80000, 0x00000007ef780000, 0x0000000800000000)
  eden space 67584K, 0% used [0x00000007eaa80000,0x00000007eaa80000,0x00000007eec80000)
  from space 5632K, 48% used [0x00000007ef200000,0x00000007ef4a8070,0x00000007ef780000)
  to   space 5632K, 0% used [0x00000007eec80000,0x00000007eec80000,0x00000007ef200000)
 ParOldGen       total 43520K, used 11395K [0x00000007c0000000, 0x00000007c2a80000, 0x00000007eaa80000)
  object space 43520K, 26% used [0x00000007c0000000,0x00000007c0b20f98,0x00000007c2a80000)
 PSPermGen       total 24576K, used 24381K [0x00000007bae00000, 0x00000007bc600000, 0x00000007c0000000)
  object space 24576K, 99% used [0x00000007bae00000,0x00000007bc5cf458,0x00000007bc600000)
}
Event: 50.524 GC heap before
{Heap before GC invocations=9 (full 0):
 PSYoungGen      total 73216K, used 70304K [0x00000007eaa80000, 0x00000007ef780000, 0x0000000800000000)
  eden space 67584K, 100% used [0x00000007eaa80000,0x00000007eec80000,0x00000007eec80000)
  from space 5632K, 48% used [0x00000007ef200000,0x00000007ef4a8070,0x00000007ef780000)
  to   space 5632K, 0% used [0x00000007eec80000,0x00000007eec80000,0x00000007ef200000)
 ParOldGen       total 43520K, used 11395K [0x00000007c0000000, 0x00000007c2a80000, 0x00000007eaa80000)
  object space 43520K, 26% used [0x00000007c0000000,0x00000007c0b20f98,0x00000007c2a80000)
 PSPermGen       total 24576K, used 24403K [0x00000007bae00000, 0x00000007bc600000, 0x00000007c0000000)
  object space 24576K, 99% used [0x00000007bae00000,0x00000007bc5d4ee0,0x00000007bc600000)
Event: 50.540 GC heap after
Heap after GC invocations=9 (full 0):
 PSYoungGen      total 73216K, used 1204K [0x00000007eaa80000, 0x00000007f2080000, 0x0000000800000000)
  eden space 67584K, 0% used [0x00000007eaa80000,0x00000007eaa80000,0x00000007eec80000)
  from space 5632K, 21% used [0x00000007eec80000,0x00000007eedad030,0x00000007ef200000)
  to   space 6144K, 0% used [0x00000007f1a80000,0x00000007f1a80000,0x00000007f2080000)
 ParOldGen       total 43520K, used 12820K [0x00000007c0000000, 0x00000007c2a80000, 0x00000007eaa80000)
  object space 43520K, 29% used [0x00000007c0000000,0x00000007c0c85088,0x00000007c2a80000)
 PSPermGen       total 24576K, used 24403K [0x00000007bae00000, 0x00000007bc600000, 0x00000007c0000000)
  object space 24576K, 99% used [0x00000007bae00000,0x00000007bc5d4ee0,0x00000007bc600000)
}
Event: 509.190 GC heap before
{Heap before GC invocations=10 (full 0):
 PSYoungGen      total 73216K, used 68788K [0x00000007eaa80000, 0x00000007f2080000, 0x0000000800000000)
  eden space 67584K, 100% used [0x00000007eaa80000,0x00000007eec80000,0x00000007eec80000)
  from space 5632K, 21% used [0x00000007eec80000,0x00000007eedad030,0x00000007ef200000)
  to   space 6144K, 0% used [0x00000007f1a80000,0x00000007f1a80000,0x00000007f2080000)
 ParOldGen       total 43520K, used 12820K [0x00000007c0000000, 0x00000007c2a80000, 0x00000007eaa80000)
  object space 43520K, 29% used [0x00000007c0000000,0x00000007c0c85088,0x00000007c2a80000)
 PSPermGen       total 24576K, used 24443K [0x00000007bae00000, 0x00000007bc600000, 0x00000007c0000000)
  object space 24576K, 99% used [0x00000007bae00000,0x00000007bc5ded80,0x00000007bc600000)
Event: 509.199 GC heap after
Heap after GC invocations=10 (full 0):
 PSYoungGen      total 65536K, used 160K [0x00000007eaa80000, 0x00000007f1b00000, 0x0000000800000000)
  eden space 65024K, 0% used [0x00000007eaa80000,0x00000007eaa80000,0x00000007eea00000)
  from space 512K, 31% used [0x00000007f1a80000,0x00000007f1aa8000,0x00000007f1b00000)
  to   space 6656K, 0% used [0x00000007f0e00000,0x00000007f0e00000,0x00000007f1480000)
 ParOldGen       total 43520K, used 13879K [0x00000007c0000000, 0x00000007c2a80000, 0x00000007eaa80000)
  object space 43520K, 31% used [0x00000007c0000000,0x00000007c0d8dfd8,0x00000007c2a80000)
 PSPermGen       total 24576K, used 24443K [0x00000007bae00000, 0x00000007bc600000, 0x00000007c0000000)
  object space 24576K, 99% used [0x00000007bae00000,0x00000007bc5ded80,0x00000007bc600000)
}
Event: 602.705 GC heap before
{Heap before GC invocations=11 (full 0):
 PSYoungGen      total 65536K, used 65184K [0x00000007eaa80000, 0x00000007f1b00000, 0x0000000800000000)
  eden space 65024K, 100% used [0x00000007eaa80000,0x00000007eea00000,0x00000007eea00000)
  from space 512K, 31% used [0x00000007f1a80000,0x00000007f1aa8000,0x00000007f1b00000)
  to   space 6656K, 0% used [0x00000007f0e00000,0x00000007f0e00000,0x00000007f1480000)
 ParOldGen       total 43520K, used 13879K [0x00000007c0000000, 0x00000007c2a80000, 0x00000007eaa80000)
  object space 43520K, 31% used [0x00000007c0000000,0x00000007c0d8dfd8,0x00000007c2a80000)
 PSPermGen       total 24576K, used 24464K [0x00000007bae00000, 0x00000007bc600000, 0x00000007c0000000)
  object space 24576K, 99% used [0x00000007bae00000,0x00000007bc5e40c0,0x00000007bc600000)
Event: 602.716 GC heap after
Heap after GC invocations=11 (full 0):
 PSYoungGen      total 63488K, used 564K [0x00000007eaa80000, 0x00000007f1b00000, 0x0000000800000000)
  eden space 62464K, 0% used [0x00000007eaa80000,0x00000007eaa80000,0x00000007ee780000)
  from space 1024K, 55% used [0x00000007f0e00000,0x00000007f0e8d030,0x00000007f0f00000)
  to   space 7168K, 0% used [0x00000007f1400000,0x00000007f1400000,0x00000007f1b00000)
 ParOldGen       total 43520K, used 13927K [0x00000007c0000000, 0x00000007c2a80000, 0x00000007eaa80000)
  object space 43520K, 32% used [0x00000007c0000000,0x00000007c0d99fd8,0x00000007c2a80000)
 PSPermGen       total 24576K, used 24464K [0x00000007bae00000, 0x00000007bc600000, 0x00000007c0000000)
  object space 24576K, 99% used [0x00000007bae00000,0x00000007bc5e40c0,0x00000007bc600000)
}

Deoptimization events (10 events):
Event: 602.604 Thread 0x00007f8b72169800 Uncommon trap: reason=class_check action=maybe_recompile pc=0x0000000107d736a4 method=java.util.regex.Pattern$GroupHead.match(Ljava/util/regex/Matcher;ILjava/lang/CharSequence;)Z @ 28
Event: 602.604 Thread 0x00007f8b72169800 Uncommon trap: reason=class_check action=maybe_recompile pc=0x0000000107de289c method=java.util.regex.Pattern$Curly.match0(Ljava/util/regex/Matcher;IILjava/lang/CharSequence;)Z @ 31
Event: 602.604 Thread 0x00007f8b72169800 Uncommon trap: reason=bimorphic action=maybe_recompile pc=0x0000000107d554c8 method=java.util.regex.Pattern$BmpCharProperty.match(Ljava/util/regex/Matcher;ILjava/lang/CharSequence;)Z @ 16
Event: 602.604 Thread 0x00007f8b72169800 Uncommon trap: reason=class_check action=maybe_recompile pc=0x0000000107d8501c method=java.util.regex.Pattern$BranchConn.match(Ljava/util/regex/Matcher;ILjava/lang/CharSequence;)Z @ 7
Event: 602.604 Thread 0x00007f8b72169800 Uncommon trap: reason=class_check action=maybe_recompile pc=0x0000000107d736a4 method=java.util.regex.Pattern$GroupHead.match(Ljava/util/regex/Matcher;ILjava/lang/CharSequence;)Z @ 28
Event: 602.604 Thread 0x00007f8b72169800 Uncommon trap: reason=class_check action=maybe_recompile pc=0x0000000107d737e8 method=java.util.regex.Pattern$Branch.match(Ljava/util/regex/Matcher;ILjava/lang/CharSequence;)Z @ 32
Event: 602.604 Thread 0x00007f8b72169800 Uncommon trap: reason=class_check action=maybe_recompile pc=0x0000000107d736a4 method=java.util.regex.Pattern$GroupHead.match(Ljava/util/regex/Matcher;ILjava/lang/CharSequence;)Z @ 28
Event: 602.604 Thread 0x00007f8b72169800 Uncommon trap: reason=bimorphic action=maybe_recompile pc=0x0000000107d554c8 method=java.util.regex.Pattern$BmpCharProperty.match(Ljava/util/regex/Matcher;ILjava/lang/CharSequence;)Z @ 16
Event: 602.604 Thread 0x00007f8b72169800 Uncommon trap: reason=class_check action=maybe_recompile pc=0x0000000107d832c0 method=java.util.regex.Pattern$GroupHead.match(Ljava/util/regex/Matcher;ILjava/lang/CharSequence;)Z @ 28
Event: 602.604 Thread 0x00007f8b72169800 Uncommon trap: reason=class_check action=maybe_recompile pc=0x0000000107d85000 method=java.util.regex.Pattern$GroupTail.match(Ljava/util/regex/Matcher;ILjava/lang/CharSequence;)Z @ 70

Internal exceptions (10 events):
Event: 17.714 Thread 0x00007f8b72289000 Threw 0x00000007ebbced08 at /HUDSON/workspace/7u-2-build-macosx-x86_64/jdk7u65/1224/hotspot/src/share/vm/prims/jvm.cpp:1244
Event: 17.716 Thread 0x00007f8b72289000 Threw 0x00000007ebbd67d8 at /HUDSON/workspace/7u-2-build-macosx-x86_64/jdk7u65/1224/hotspot/src/share/vm/prims/jvm.cpp:1244
Event: 17.716 Thread 0x00007f8b72289000 Threw 0x00000007ebbd7008 at /HUDSON/workspace/7u-2-build-macosx-x86_64/jdk7u65/1224/hotspot/src/share/vm/prims/jvm.cpp:1244
Event: 17.745 Thread 0x00007f8b72289000 Threw 0x00000007ebc04728 at /HUDSON/workspace/7u-2-build-macosx-x86_64/jdk7u65/1224/hotspot/src/share/vm/prims/jvm.cpp:1244
Event: 17.812 Thread 0x00007f8b72289000 Threw 0x00000007ebc179d8 at /HUDSON/workspace/7u-2-build-macosx-x86_64/jdk7u65/1224/hotspot/src/share/vm/prims/jvm.cpp:1244
Event: 17.814 Thread 0x00007f8b72289000 Threw 0x00000007ebc22248 at /HUDSON/workspace/7u-2-build-macosx-x86_64/jdk7u65/1224/hotspot/src/share/vm/prims/jvm.cpp:1244
Event: 17.815 Thread 0x00007f8b72289000 Threw 0x00000007ebc26a30 at /HUDSON/workspace/7u-2-build-macosx-x86_64/jdk7u65/1224/hotspot/src/share/vm/prims/jvm.cpp:1244
Event: 17.815 Thread 0x00007f8b72289000 Threw 0x00000007ebc2bcf8 at /HUDSON/workspace/7u-2-build-macosx-x86_64/jdk7u65/1224/hotspot/src/share/vm/prims/jvm.cpp:1244
Event: 40.474 Thread 0x00007f8b721a3000 Threw 0x00000007edd935d8 at /HUDSON/workspace/7u-2-build-macosx-x86_64/jdk7u65/1224/hotspot/src/share/vm/prims/jvm.cpp:1244
Event: 40.477 Thread 0x00007f8b721a3000 Threw 0x00000007edd96ae0 at /HUDSON/workspace/7u-2-build-macosx-x86_64/jdk7u65/1224/hotspot/src/share/vm/prims/jvm.cpp:1244

Events (10 events):
Event: 1030.092 Executing VM operation: RevokeBias done
Event: 1030.092 Thread 0x00007f8b73829800 Thread exited: 0x00007f8b73829800
Event: 1090.093 Thread 0x00007f8b73829800 Thread added: 0x00007f8b73829800
Event: 1090.093 Executing VM operation: RevokeBias
Event: 1090.095 Executing VM operation: RevokeBias done
Event: 1090.095 Thread 0x00007f8b73828800 Thread exited: 0x00007f8b73828800
Event: 1210.096 Thread 0x00007f8b73828800 Thread added: 0x00007f8b73828800
Event: 1210.097 Executing VM operation: BulkRevokeBias
Event: 1210.101 Executing VM operation: BulkRevokeBias done
Event: 1210.101 Thread 0x00007f8b73829800 Thread exited: 0x00007f8b73829800


Dynamic libraries:
0x0000000004c41000 	/System/Library/Frameworks/Cocoa.framework/Versions/A/Cocoa
0x0000000004c41000 	/System/Library/Frameworks/Security.framework/Versions/A/Security
0x0000000004c41000 	/System/Library/Frameworks/ApplicationServices.framework/Versions/A/ApplicationServices
0x0000000004c41000 	/usr/lib/libz.1.dylib
0x0000000004c41000 	/usr/lib/libSystem.B.dylib
0x0000000004c41000 	/usr/lib/libobjc.A.dylib
0x0000000004c41000 	/System/Library/Frameworks/CoreFoundation.framework/Versions/A/CoreFoundation
0x0000000004c41000 	/System/Library/Frameworks/Foundation.framework/Versions/C/Foundation
0x0000000004c41000 	/System/Library/Frameworks/AppKit.framework/Versions/C/AppKit
0x0000000004c41000 	/System/Library/Frameworks/CoreData.framework/Versions/A/CoreData
0x0000000004c41000 	/System/Library/PrivateFrameworks/RemoteViewServices.framework/Versions/A/RemoteViewServices
0x0000000004c41000 	/System/Library/Frameworks/AudioToolbox.framework/Versions/A/AudioToolbox
0x0000000004c41000 	/System/Library/Frameworks/AudioUnit.framework/Versions/A/AudioUnit
0x0000000004c41000 	/System/Library/PrivateFrameworks/DataDetectorsCore.framework/Versions/A/DataDetectorsCore
0x0000000004c41000 	/System/Library/PrivateFrameworks/DesktopServicesPriv.framework/Versions/A/DesktopServicesPriv
0x0000000004c41000 	/System/Library/Frameworks/Carbon.framework/Versions/A/Frameworks/HIToolbox.framework/Versions/A/HIToolbox
0x0000000004c41000 	/System/Library/Frameworks/QuartzCore.framework/Versions/A/QuartzCore
0x0000000004c41000 	/System/Library/Frameworks/Carbon.framework/Versions/A/Frameworks/SpeechRecognition.framework/Versions/A/SpeechRecognition
0x0000000004c41000 	/usr/lib/libauto.dylib
0x0000000004c41000 	/usr/lib/libicucore.A.dylib
0x0000000004c41000 	/usr/lib/libxml2.2.dylib
0x0000000004c41000 	/System/Library/PrivateFrameworks/CoreUI.framework/Versions/A/CoreUI
0x0000000004c41000 	/System/Library/Frameworks/CoreAudio.framework/Versions/A/CoreAudio
0x0000000004c41000 	/System/Library/Frameworks/DiskArbitration.framework/Versions/A/DiskArbitration
0x0000000004c41000 	/usr/lib/liblangid.dylib
0x0000000004c41000 	/System/Library/PrivateFrameworks/MultitouchSupport.framework/Versions/A/MultitouchSupport
0x0000000004c41000 	/System/Library/Frameworks/IOKit.framework/Versions/A/IOKit
0x0000000004c41000 	/usr/lib/libDiagnosticMessagesClient.dylib
0x0000000004c41000 	/System/Library/Frameworks/CoreServices.framework/Versions/A/CoreServices
0x0000000004c41000 	/System/Library/PrivateFrameworks/PerformanceAnalysis.framework/Versions/A/PerformanceAnalysis
0x0000000004c41000 	/System/Library/PrivateFrameworks/GenerationalStorage.framework/Versions/A/GenerationalStorage
0x0000000004c41000 	/System/Library/Frameworks/OpenGL.framework/Versions/A/OpenGL
0x0000000004c41000 	/System/Library/PrivateFrameworks/Sharing.framework/Versions/A/Sharing
0x0000000004c41000 	/System/Library/Frameworks/ImageIO.framework/Versions/A/ImageIO
0x0000000004c41000 	/System/Library/Frameworks/CoreText.framework/Versions/A/CoreText
0x0000000004c41000 	/System/Library/Frameworks/CoreGraphics.framework/Versions/A/CoreGraphics
0x0000000004c41000 	/System/Library/PrivateFrameworks/Backup.framework/Versions/A/Backup
0x0000000004c41000 	/System/Library/Frameworks/CFNetwork.framework/Versions/A/CFNetwork
0x0000000004c41000 	/System/Library/Frameworks/SystemConfiguration.framework/Versions/A/SystemConfiguration
0x0000000004c41000 	/usr/lib/libCRFSuite.dylib
0x0000000004c41000 	/usr/lib/libc++.1.dylib
0x0000000004c41000 	/usr/lib/libc++abi.dylib
0x0000000004c41000 	/usr/lib/system/libcache.dylib
0x0000000004c41000 	/usr/lib/system/libcommonCrypto.dylib
0x0000000004c41000 	/usr/lib/system/libcompiler_rt.dylib
0x0000000004c41000 	/usr/lib/system/libcopyfile.dylib
0x0000000004c41000 	/usr/lib/system/libcorecrypto.dylib
0x0000000004c41000 	/usr/lib/system/libdispatch.dylib
0x0000000004c41000 	/usr/lib/system/libdyld.dylib
0x0000000004c41000 	/usr/lib/system/libkeymgr.dylib
0x0000000004c41000 	/usr/lib/system/liblaunch.dylib
0x0000000004c41000 	/usr/lib/system/libmacho.dylib
0x0000000004c41000 	/usr/lib/system/libquarantine.dylib
0x0000000004c41000 	/usr/lib/system/libremovefile.dylib
0x0000000004c41000 	/usr/lib/system/libsystem_asl.dylib
0x0000000004c41000 	/usr/lib/system/libsystem_blocks.dylib
0x0000000004c41000 	/usr/lib/system/libsystem_c.dylib
0x0000000004c41000 	/usr/lib/system/libsystem_configuration.dylib
0x0000000004c41000 	/usr/lib/system/libsystem_dnssd.dylib
0x0000000004c41000 	/usr/lib/system/libsystem_info.dylib
0x0000000004c41000 	/usr/lib/system/libsystem_kernel.dylib
0x0000000004c41000 	/usr/lib/system/libsystem_m.dylib
0x0000000004c41000 	/usr/lib/system/libsystem_malloc.dylib
0x0000000004c41000 	/usr/lib/system/libsystem_network.dylib
0x0000000004c41000 	/usr/lib/system/libsystem_notify.dylib
0x0000000004c41000 	/usr/lib/system/libsystem_platform.dylib
0x0000000004c41000 	/usr/lib/system/libsystem_pthread.dylib
0x0000000004c41000 	/usr/lib/system/libsystem_sandbox.dylib
0x0000000004c41000 	/usr/lib/system/libsystem_stats.dylib
0x0000000004c41000 	/usr/lib/system/libunc.dylib
0x0000000004c41000 	/usr/lib/system/libunwind.dylib
0x0000000004c41000 	/usr/lib/system/libxpc.dylib
0x0000000004c41000 	/usr/lib/libbsm.0.dylib
0x0000000004c41000 	/usr/lib/libsqlite3.dylib
0x0000000004c41000 	/usr/lib/libxar.1.dylib
0x0000000004c41000 	/usr/lib/libpam.2.dylib
0x0000000004c41000 	/usr/lib/libOpenScriptingUtil.dylib
0x0000000004c41000 	/usr/lib/libbz2.1.0.dylib
0x0000000004c41000 	/System/Library/Frameworks/CoreServices.framework/Versions/A/Frameworks/CarbonCore.framework/Versions/A/CarbonCore
0x0000000004c41000 	/System/Library/Frameworks/CoreServices.framework/Versions/A/Frameworks/Metadata.framework/Versions/A/Metadata
0x0000000004c41000 	/System/Library/Frameworks/CoreServices.framework/Versions/A/Frameworks/OSServices.framework/Versions/A/OSServices
0x0000000004c41000 	/System/Library/Frameworks/CoreServices.framework/Versions/A/Frameworks/SearchKit.framework/Versions/A/SearchKit
0x0000000004c41000 	/System/Library/Frameworks/CoreServices.framework/Versions/A/Frameworks/AE.framework/Versions/A/AE
0x0000000004c41000 	/System/Library/Frameworks/CoreServices.framework/Versions/A/Frameworks/LaunchServices.framework/Versions/A/LaunchServices
0x0000000004c41000 	/System/Library/Frameworks/CoreServices.framework/Versions/A/Frameworks/DictionaryServices.framework/Versions/A/DictionaryServices
0x0000000004c41000 	/System/Library/Frameworks/NetFS.framework/Versions/A/NetFS
0x0000000004c41000 	/usr/lib/system/libkxld.dylib
0x0000000004c41000 	/System/Library/PrivateFrameworks/NetAuth.framework/Versions/A/NetAuth
0x0000000004c41000 	/System/Library/PrivateFrameworks/TCC.framework/Versions/A/TCC
0x0000000004c41000 	/System/Library/Frameworks/OpenDirectory.framework/Versions/A/Frameworks/CFOpenDirectory.framework/Versions/A/CFOpenDirectory
0x0000000004c41000 	/System/Library/Frameworks/ServiceManagement.framework/Versions/A/ServiceManagement
0x0000000004c41000 	/usr/lib/libxslt.1.dylib
0x0000000004c41000 	/System/Library/Frameworks/Carbon.framework/Versions/A/Frameworks/Ink.framework/Versions/A/Ink
0x0000000004c41000 	/System/Library/Frameworks/ApplicationServices.framework/Versions/A/Frameworks/ATS.framework/Versions/A/ATS
0x0000000004c41000 	/System/Library/Frameworks/ApplicationServices.framework/Versions/A/Frameworks/ColorSync.framework/Versions/A/ColorSync
0x0000000004c41000 	/System/Library/Frameworks/ApplicationServices.framework/Versions/A/Frameworks/HIServices.framework/Versions/A/HIServices
0x0000000004c41000 	/System/Library/Frameworks/ApplicationServices.framework/Versions/A/Frameworks/LangAnalysis.framework/Versions/A/LangAnalysis
0x0000000004c41000 	/System/Library/Frameworks/ApplicationServices.framework/Versions/A/Frameworks/PrintCore.framework/Versions/A/PrintCore
0x0000000004c41000 	/System/Library/Frameworks/ApplicationServices.framework/Versions/A/Frameworks/QD.framework/Versions/A/QD
0x0000000004c41000 	/System/Library/Frameworks/ApplicationServices.framework/Versions/A/Frameworks/SpeechSynthesis.framework/Versions/A/SpeechSynthesis
0x0000000004c41000 	/System/Library/Frameworks/IOSurface.framework/Versions/A/IOSurface
0x0000000004c41000 	/System/Library/Frameworks/Accelerate.framework/Versions/A/Accelerate
0x0000000004c41000 	/System/Library/Frameworks/Accelerate.framework/Versions/A/Frameworks/vImage.framework/Versions/A/vImage
0x0000000004c41000 	/System/Library/Frameworks/Accelerate.framework/Versions/A/Frameworks/vecLib.framework/Versions/A/vecLib
0x0000000004c41000 	/System/Library/Frameworks/Accelerate.framework/Versions/A/Frameworks/vecLib.framework/Versions/A/libvDSP.dylib
0x0000000004c41000 	/System/Library/Frameworks/Accelerate.framework/Versions/A/Frameworks/vecLib.framework/Versions/A/libvMisc.dylib
0x0000000004c41000 	/System/Library/Frameworks/Accelerate.framework/Versions/A/Frameworks/vecLib.framework/Versions/A/libLAPACK.dylib
0x0000000004c41000 	/System/Library/Frameworks/Accelerate.framework/Versions/A/Frameworks/vecLib.framework/Versions/A/libBLAS.dylib
0x0000000004c41000 	/System/Library/Frameworks/ApplicationServices.framework/Versions/A/Frameworks/ATS.framework/Versions/A/Resources/libFontParser.dylib
0x0000000004c41000 	/System/Library/Frameworks/ApplicationServices.framework/Versions/A/Frameworks/ATS.framework/Versions/A/Resources/libFontRegistry.dylib
0x0000000004c41000 	/System/Library/Frameworks/ImageIO.framework/Versions/A/Resources/libJPEG.dylib
0x0000000004c41000 	/System/Library/Frameworks/ImageIO.framework/Versions/A/Resources/libTIFF.dylib
0x0000000004c41000 	/System/Library/Frameworks/ImageIO.framework/Versions/A/Resources/libPng.dylib
0x0000000004c41000 	/System/Library/Frameworks/ImageIO.framework/Versions/A/Resources/libGIF.dylib
0x0000000004c41000 	/System/Library/Frameworks/ImageIO.framework/Versions/A/Resources/libJP2.dylib
0x0000000004c41000 	/System/Library/Frameworks/ImageIO.framework/Versions/A/Resources/libRadiance.dylib
0x0000000004c41000 	/usr/lib/libcups.2.dylib
0x0000000004c41000 	/System/Library/Frameworks/Kerberos.framework/Versions/A/Kerberos
0x0000000004c41000 	/System/Library/Frameworks/GSS.framework/Versions/A/GSS
0x0000000004c41000 	/usr/lib/libresolv.9.dylib
0x0000000004c41000 	/usr/lib/libiconv.2.dylib
0x0000000004c41000 	/System/Library/PrivateFrameworks/Heimdal.framework/Versions/A/Heimdal
0x0000000004c41000 	/System/Library/PrivateFrameworks/TrustEvaluationAgent.framework/Versions/A/TrustEvaluationAgent
0x0000000004c41000 	/usr/lib/libheimdal-asn1.dylib
0x0000000004c41000 	/System/Library/Frameworks/OpenDirectory.framework/Versions/A/OpenDirectory
0x0000000004c41000 	/System/Library/PrivateFrameworks/CommonAuth.framework/Versions/A/CommonAuth
0x0000000004c41000 	/System/Library/Frameworks/SecurityFoundation.framework/Versions/A/SecurityFoundation
0x0000000004c41000 	/System/Library/PrivateFrameworks/Bom.framework/Versions/A/Bom
0x0000000004c41000 	/System/Library/Frameworks/CoreVideo.framework/Versions/A/CoreVideo
0x0000000004c41000 	/System/Library/Frameworks/QuartzCore.framework/Versions/A/Frameworks/CoreImage.framework/Versions/A/CoreImage
0x0000000004c41000 	/System/Library/Frameworks/QuartzCore.framework/Versions/A/Frameworks/ScalableUserInterface.framework/Versions/A/ScalableUserInterface
0x0000000004c41000 	/System/Library/Frameworks/OpenGL.framework/Versions/A/Libraries/libGLU.dylib
0x0000000004c41000 	/System/Library/Frameworks/OpenGL.framework/Versions/A/Libraries/libGFXShared.dylib
0x0000000004c41000 	/System/Library/Frameworks/OpenGL.framework/Versions/A/Libraries/libGL.dylib
0x0000000004c41000 	/System/Library/Frameworks/OpenGL.framework/Versions/A/Libraries/libGLImage.dylib
0x0000000004c41000 	/System/Library/Frameworks/OpenGL.framework/Versions/A/Libraries/libCVMSPluginSupport.dylib
0x0000000004c41000 	/System/Library/Frameworks/OpenGL.framework/Versions/A/Libraries/libCoreVMClient.dylib
0x0000000004c41000 	/System/Library/PrivateFrameworks/FaceCore.framework/Versions/A/FaceCore
0x0000000004c41000 	/System/Library/PrivateFrameworks/CrashReporterSupport.framework/Versions/A/CrashReporterSupport
0x0000000004c41000 	/System/Library/Frameworks/OpenCL.framework/Versions/A/OpenCL
0x0000000004c41000 	/System/Library/PrivateFrameworks/AppleFSCompression.framework/Versions/A/AppleFSCompression
0x0000000004c41000 	/System/Library/PrivateFrameworks/Ubiquity.framework/Versions/A/Ubiquity
0x0000000004c41000 	/System/Library/PrivateFrameworks/IconServices.framework/Versions/A/IconServices
0x0000000004c41000 	/System/Library/PrivateFrameworks/ChunkingLibrary.framework/Versions/A/ChunkingLibrary
0x0000000004c41000 	/System/Library/PrivateFrameworks/CoreSymbolication.framework/Versions/A/CoreSymbolication
0x0000000004c41000 	/System/Library/PrivateFrameworks/Symbolication.framework/Versions/A/Symbolication
0x0000000004c41000 	/System/Library/PrivateFrameworks/DebugSymbols.framework/Versions/A/DebugSymbols
0x0000000107200000 	/Library/Java/JavaVirtualMachines/jdk1.7.0_65.jdk/Contents/Home/jre/lib/server/libjvm.dylib
0x0000000004c41000 	/usr/lib/libstdc++.6.dylib
0x0000000106d48000 	/Library/Java/JavaVirtualMachines/jdk1.7.0_65.jdk/Contents/Home/jre/lib/libverify.dylib
0x0000000106d55000 	/Library/Java/JavaVirtualMachines/jdk1.7.0_65.jdk/Contents/Home/jre/lib/libjava.dylib
0x0000000106d8f000 	/Library/Java/JavaVirtualMachines/jdk1.7.0_65.jdk/Contents/Home/jre/lib/libzip.dylib
0x000000010e696000 	/System/Library/Frameworks/JavaVM.framework/Frameworks/JavaRuntimeSupport.framework/JavaRuntimeSupport
0x000000010e6ae000 	/System/Library/Frameworks/JavaVM.framework/Versions/A/Frameworks/JavaNativeFoundation.framework/Versions/A/JavaNativeFoundation
0x000000010e6c3000 	/System/Library/Frameworks/JavaVM.framework/Versions/A/JavaVM
0x0000000004c41000 	/System/Library/Frameworks/Carbon.framework/Versions/A/Carbon
0x000000010e6d0000 	/System/Library/PrivateFrameworks/JavaLaunching.framework/Versions/A/JavaLaunching
0x0000000004c41000 	/System/Library/Frameworks/Carbon.framework/Versions/A/Frameworks/CommonPanels.framework/Versions/A/CommonPanels
0x0000000004c41000 	/System/Library/Frameworks/Carbon.framework/Versions/A/Frameworks/Help.framework/Versions/A/Help
0x0000000004c41000 	/System/Library/Frameworks/Carbon.framework/Versions/A/Frameworks/ImageCapture.framework/Versions/A/ImageCapture
0x0000000004c41000 	/System/Library/Frameworks/Carbon.framework/Versions/A/Frameworks/OpenScripting.framework/Versions/A/OpenScripting
0x0000000004c41000 	/System/Library/Frameworks/Carbon.framework/Versions/A/Frameworks/Print.framework/Versions/A/Print
0x0000000004c41000 	/System/Library/Frameworks/Carbon.framework/Versions/A/Frameworks/SecurityHI.framework/Versions/A/SecurityHI
0x000000010ee5c000 	/Library/Java/JavaVirtualMachines/jdk1.7.0_65.jdk/Contents/Home/jre/lib/libnet.dylib
0x000000010f0df000 	/Library/Java/JavaVirtualMachines/jdk1.7.0_65.jdk/Contents/Home/jre/lib/libnio.dylib
0x000000010f31e000 	/Library/Java/JavaVirtualMachines/jdk1.7.0_65.jdk/Contents/Home/jre/lib/libmanagement.dylib

VM Arguments:
java_command: target/veintobrain-0.0.1-SNAPSHOT.jar server veintobrain.yaml
Launcher Type: SUN_STANDARD

Environment Variables:
JAVA_HOME=/Library/Java/JavaVirtualMachines/jdk1.7.0_65.jdk/Contents/Home
PATH=/Library/Java/JavaVirtualMachines/jdk1.7.0_65.jdk/Contents/Home/bin:/usr/local/apache-maven/apache-maven-3.2.2/bin:/usr/bin:/bin:/usr/sbin:/sbin:/usr/local/bin
SHELL=/bin/bash

Signal Handlers:
SIGSEGV: [libjvm.dylib+0x52b6c9], sa_mask[0]=0xfffefeff, sa_flags=0x00000043
SIGBUS: [libjvm.dylib+0x52b6c9], sa_mask[0]=0xfffefeff, sa_flags=0x00000042
SIGFPE: [libjvm.dylib+0x41deaa], sa_mask[0]=0xfffefeff, sa_flags=0x00000042
SIGPIPE: [libjvm.dylib+0x41deaa], sa_mask[0]=0xfffefeff, sa_flags=0x00000042
SIGXFSZ: [libjvm.dylib+0x41deaa], sa_mask[0]=0xfffefeff, sa_flags=0x00000042
SIGILL: [libjvm.dylib+0x41deaa], sa_mask[0]=0xfffefeff, sa_flags=0x00000042
SIGUSR1: SIG_DFL, sa_mask[0]=0x63807efb, sa_flags=0x00000000
SIGUSR2: [libjvm.dylib+0x41d99c], sa_mask[0]=0x00000000, sa_flags=0x00000042
SIGHUP: [libjvm.dylib+0x41bc2d], sa_mask[0]=0xfffefeff, sa_flags=0x00000042
SIGINT: [libjvm.dylib+0x41bc2d], sa_mask[0]=0xfffefeff, sa_flags=0x00000042
SIGTERM: [libjvm.dylib+0x41bc2d], sa_mask[0]=0xfffefeff, sa_flags=0x00000042
SIGQUIT: [libjvm.dylib+0x41bc2d], sa_mask[0]=0xfffefeff, sa_flags=0x00000042


---------------  S Y S T E M  ---------------

OS:Bsduname:Darwin 13.1.0 Darwin Kernel Version 13.1.0: Thu Jan 16 19:40:37 PST 2014; root:xnu-2422.90.20~2/RELEASE_X86_64 x86_64
rlimit: STACK 8192k, CORE 0k, NPROC 709, NOFILE 10240, AS infinity
load average:5.01 4.28 3.77

CPU:total 2 (2 cores per cpu, 1 threads per core) family 6 model 23 stepping 10, cmov, cx8, fxsr, mmx, sse, sse2, sse3, ssse3, sse4.1, tsc

Memory: 4k page, physical 4194304k(1048576k free)

/proc/meminfo:


vm_info: Java HotSpot(TM) 64-Bit Server VM (24.65-b04) for bsd-amd64 JRE (1.7.0_65-b17), built on Jun 16 2014 20:31:25 by "java_re" with gcc 4.2.1 (Based on Apple Inc. build 5658) (LLVM build 2336.11.00)

time: Wed Jul 23 15:06:50 2014
elapsed time: 1229 seconds

