#
# A fatal error has been detected by the Java Runtime Environment:
#
#  SIGBUS (0xa) at pc=0x00000001097930b7, pid=13507, tid=22019
#
# JRE version: Java(TM) SE Runtime Environment (7.0_65-b17) (build 1.7.0_65-b17)
# Java VM: Java HotSpot(TM) 64-Bit Server VM (24.65-b04 mixed mode bsd-amd64 compressed oops)
# Problematic frame:
# C  [libzip.dylib+0x30b7]  newEntry+0x154
#
# Failed to write core dump. Core dumps have been disabled. To enable core dumping, try "ulimit -c unlimited" before starting Java again
#
# If you would like to submit a bug report, please visit:
#   http://bugreport.sun.com/bugreport/crash.jsp
# The crash happened outside the Java Virtual Machine in native code.
# See problematic frame for where to report the bug.
#

---------------  T H R E A D  ---------------

Current thread (0x00007f93daabf800):  JavaThread "dw-14-acceptor-0-application@57a286a8{HTTP/1.1}{0.0.0.0:8080}" [_thread_in_native, id=22019, stack(0x000000011199d000,0x0000000111a9d000)]

siginfo:si_signo=SIGBUS: si_errno=0, si_code=2 (BUS_ADRERR), si_addr=0x0000000110e9a7c8

Registers:
RAX=0x00007f93da53dab0, RBX=0x0000000110e9a7bc, RCX=0x0000000000000001, RDX=0x0000000000000000
RSP=0x0000000111a9a740, RBP=0x0000000111a9a7a0, RSI=0x00000000ffffff0f, RDI=0x0000000108abda00
R8 =0x0000000000000004, R9 =0x00007f93da700000, R10=0x0000000093db8150, R11=0x00000000f26aec30
R12=0x0000000000021af0, R13=0x0000000110d9d000, R14=0x00007f93da53dab0, R15=0x00007f93da6812e0
RIP=0x00000001097930b7, EFLAGS=0x0000000000010202, ERR=0x0000000000000004
  TRAPNO=0x000000000000000e

Top of Stack: (sp=0x0000000111a9a740)
0x0000000111a9a740:   00007f93da516f0c 0000000000000000
0x0000000111a9a750:   0000000100000000 00007fff866bd8c0
0x0000000111a9a760:   0000000111a9a780 00007f93da53dab0
0x0000000111a9a770:   00007f93da71f230 00000000da8e8733
0x0000000111a9a780:   0000000000021af0 0000000110d9d000
0x0000000111a9a790:   00007f93da53dab0 00007f93da6812e0
0x0000000111a9a7a0:   0000000111a9a7f0 0000000109793725
0x0000000111a9a7b0:   0000000000000041 00000041daabf800
0x0000000111a9a7c0:   0000000111a9a80e 0000000111a9ac58
0x0000000111a9a7d0:   0000000000000041 0000000111a9a80e
0x0000000111a9a7e0:   00007f93da53dab0 00007f93daabf9e8
0x0000000111a9a7f0:   0000000111a9ac40 0000000109792570
0x0000000111a9a800:   0000000111a9ae40 726f000000000001
0x0000000111a9a810:   7370696c63652f67 2f797474656a2f65
0x0000000111a9a820:   63656c65532f6f69 67616e614d726f74
0x0000000111a9a830:   67616e614d247265 7463656c65536465
0x0000000111a9a840:   706563634124726f 007373616c632e74
0x0000000111a9a850:   0000000111a9ac80 00007fff866815f9
0x0000000111a9a860:   0000000000000000 ffffffffffffffff
0x0000000111a9a870:   0000000000000000 0000000000000001
0x0000000111a9a880:   00000001bbcf5c30 00007fff86682192
0x0000000111a9a890:   0000000000000000 0000000111a9aff8
0x0000000111a9a8a0:   0000000111a9aca0 0000000111a9a8b8
0x0000000111a9a8b0:   0000000000000000 000000010912ac15
0x0000000111a9a8c0:   0000000000000001 0000000111a9aa7c
0x0000000111a9a8d0:   0000000000000004 0000000111a9aa77
0x0000000111a9a8e0:   0000000000000009 0000000000000001
0x0000000111a9a8f0:   00000001091169db 0000000000000001
0x0000000111a9a900:   00007f93da516f0c 0000000000000000
0x0000000111a9a910:   0000000100000001 0000000000000001
0x0000000111a9a920:   0000000000000000 0000000000000000
0x0000000111a9a930:   00007f93daabf800 5800000000000000 

Instructions: (pc=0x00000001097930b7)
0x0000000109793097:   49 8b 7f 38 e8 9c 1a 00 00 4d 89 77 38 49 89 5f
0x00000001097930a7:   40 4c 89 f0 48 85 c0 0f 84 16 05 00 00 48 89 c3
0x00000001097930b7:   0f b6 43 0c 0f b6 4b 0d 48 c1 e1 08 48 01 c1 0f
0x00000001097930c7:   b6 43 0e 0f b6 53 0f 48 c1 e2 08 48 01 c2 48 c1 

Register to memory mapping:

RAX=0x00007f93da53dab0 is an unknown value
RBX=0x0000000110e9a7bc is an unknown value
RCX=0x0000000000000001 is an unknown value
RDX=0x0000000000000000 is an unknown value
RSP=0x0000000111a9a740 is pointing into the stack for thread: 0x00007f93daabf800
RBP=0x0000000111a9a7a0 is pointing into the stack for thread: 0x00007f93daabf800
RSI=0x00000000ffffff0f is an unknown value
RDI=0x0000000108abda00 is an unknown value
R8 =0x0000000000000004 is an unknown value
R9 =0x00007f93da700000 is an unknown value
R10=0x0000000093db8150 is an unknown value
R11=0x00000000f26aec30 is an unknown value
R12=0x0000000000021af0 is an unknown value
R13=0x0000000110d9d000 is an unknown value
R14=0x00007f93da53dab0 is an unknown value
R15=0x00007f93da6812e0 is an unknown value


Stack: [0x000000011199d000,0x0000000111a9d000],  sp=0x0000000111a9a740,  free space=1013k
Native frames: (J=compiled Java code, j=interpreted, Vv=VM code, C=native code)
C  [libzip.dylib+0x30b7]  newEntry+0x154
C  [libzip.dylib+0x3725]  ZIP_GetEntry+0xa2
C  [libzip.dylib+0x2570]  Java_java_util_zip_ZipFile_getEntry+0xdd
J 41  java.util.zip.ZipFile.getEntry(J[BZ)J (0 bytes) @ 0x0000000109c7f30e [0x0000000109c7f240+0xce]

Java frames: (J=compiled Java code, j=interpreted, Vv=VM code)
J 41  java.util.zip.ZipFile.getEntry(J[BZ)J (0 bytes) @ 0x0000000109c7f298 [0x0000000109c7f240+0x58]
J 55 C2 java.util.jar.JarFile.getEntry(Ljava/lang/String;)Ljava/util/zip/ZipEntry; (22 bytes) @ 0x0000000109c92768 [0x0000000109c926a0+0xc8]
J 79 C2 sun.misc.URLClassPath$JarLoader.getResource(Ljava/lang/String;Z)Lsun/misc/Resource; (91 bytes) @ 0x0000000109c98bc0 [0x0000000109c98a60+0x160]
J 40 C2 sun.misc.URLClassPath.getResource(Ljava/lang/String;Z)Lsun/misc/Resource; (74 bytes) @ 0x0000000109c76db0 [0x0000000109c76d40+0x70]
j  java.net.URLClassLoader$1.run()Ljava/lang/Class;+26
j  java.net.URLClassLoader$1.run()Ljava/lang/Object;+1
v  ~StubRoutines::call_stub
j  java.security.AccessController.doPrivileged(Ljava/security/PrivilegedExceptionAction;Ljava/security/AccessControlContext;)Ljava/lang/Object;+0
j  java.net.URLClassLoader.findClass(Ljava/lang/String;)Ljava/lang/Class;+13
j  java.lang.ClassLoader.loadClass(Ljava/lang/String;Z)Ljava/lang/Class;+70
j  sun.misc.Launcher$AppClassLoader.loadClass(Ljava/lang/String;Z)Ljava/lang/Class;+36
j  java.lang.ClassLoader.loadClass(Ljava/lang/String;)Ljava/lang/Class;+3
v  ~StubRoutines::call_stub
j  org.eclipse.jetty.io.SelectorManager.accept(Ljava/nio/channels/SocketChannel;)V+6
j  org.eclipse.jetty.server.ServerConnector.accept(I)V+44
j  org.eclipse.jetty.server.AbstractConnector$Acceptor.run()V+101
j  org.eclipse.jetty.util.thread.QueuedThreadPool.runJob(Ljava/lang/Runnable;)V+1
j  org.eclipse.jetty.util.thread.QueuedThreadPool$3.run()V+73
j  java.lang.Thread.run()V+11
v  ~StubRoutines::call_stub

---------------  P R O C E S S  ---------------

Java Threads: ( => current thread )
  0x00007f93da825000 JavaThread "dw-admin-37" [_thread_blocked, id=27159, stack(0x0000000110f5a000,0x000000011105a000)]
  0x00007f93da901000 JavaThread "DestroyJavaVM" [_thread_blocked, id=6915, stack(0x0000000109647000,0x0000000109747000)]
  0x00007f93db1d0800 JavaThread "dw-admin-25-acceptor-0-admin@6f36ac8a{HTTP/1.1}{0.0.0.0:8081}" [_thread_in_native, id=25607, stack(0x00000001120b2000,0x00000001121b2000)]
  0x00007f93dac48800 JavaThread "dw-admin-24-selector-1" [_thread_in_native, id=26115, stack(0x00000001121b5000,0x00000001122b5000)]
  0x00007f93da916800 JavaThread "dw-admin-22-selector-0" [_thread_in_native, id=25091, stack(0x0000000111faf000,0x00000001120af000)]
  0x00007f93db13e800 JavaThread "dw-19" [_thread_blocked, id=24579, stack(0x0000000111eac000,0x0000000111fac000)]
  0x00007f93da915800 JavaThread "dw-18" [_thread_blocked, id=24067, stack(0x0000000111da9000,0x0000000111ea9000)]
  0x00007f93da915000 JavaThread "dw-17" [_thread_blocked, id=23555, stack(0x0000000111ca6000,0x0000000111da6000)]
  0x00007f93da887800 JavaThread "dw-16" [_thread_blocked, id=23043, stack(0x0000000111ba3000,0x0000000111ca3000)]
  0x00007f93da886800 JavaThread "dw-15" [_thread_blocked, id=22531, stack(0x0000000111aa0000,0x0000000111ba0000)]
=>0x00007f93daabf800 JavaThread "dw-14-acceptor-0-application@57a286a8{HTTP/1.1}{0.0.0.0:8080}" [_thread_in_native, id=22019, stack(0x000000011199d000,0x0000000111a9d000)]
  0x00007f93daabf000 JavaThread "dw-13-selector-1" [_thread_in_native, id=21507, stack(0x000000011189a000,0x000000011199a000)]
  0x00007f93daade000 JavaThread "dw-12-selector-0" [_thread_in_native, id=20995, stack(0x0000000111797000,0x0000000111897000)]
  0x00007f93daa1a000 JavaThread "DateCache" daemon [_thread_blocked, id=20483, stack(0x0000000111694000,0x0000000111794000)]
  0x00007f93db22b000 JavaThread "async-console-appender-2" [_thread_blocked, id=19971, stack(0x000000011126c000,0x000000011136c000)]
  0x00007f93db256000 JavaThread "async-console-appender-1" [_thread_blocked, id=19459, stack(0x00000001114bc000,0x00000001115bc000)]
  0x00007f93db057000 JavaThread "Service Thread" daemon [_thread_blocked, id=18435, stack(0x0000000110a8d000,0x0000000110b8d000)]
  0x00007f93db056800 JavaThread "C2 CompilerThread1" daemon [_thread_blocked, id=17923, stack(0x000000011098a000,0x0000000110a8a000)]
  0x00007f93da851800 JavaThread "C2 CompilerThread0" daemon [_thread_blocked, id=17411, stack(0x0000000110887000,0x0000000110987000)]
  0x00007f93da84c800 JavaThread "Signal Dispatcher" daemon [_thread_blocked, id=16899, stack(0x0000000110784000,0x0000000110884000)]
  0x00007f93da81a000 JavaThread "Finalizer" daemon [_thread_blocked, id=12035, stack(0x0000000110535000,0x0000000110635000)]
  0x00007f93da80c800 JavaThread "Reference Handler" daemon [_thread_blocked, id=11523, stack(0x0000000110432000,0x0000000110532000)]

Other Threads:
  0x00007f93db046800 VMThread [stack: 0x000000011032f000,0x000000011042f000] [id=11011]
  0x00007f93da824800 WatcherThread [stack: 0x0000000110b90000,0x0000000110c90000] [id=18947]

VM state:not at safepoint (normal execution)

VM Mutex/Monitor currently owned by a thread: None

Heap
 PSYoungGen      total 36352K, used 33485K [0x00000007eaa80000, 0x00000007ef180000, 0x0000000800000000)
  eden space 33792K, 91% used [0x00000007eaa80000,0x00000007ec8bb3d0,0x00000007ecb80000)
  from space 2560K, 98% used [0x00000007ecb80000,0x00000007ecdf8030,0x00000007ece00000)
  to   space 2560K, 0% used [0x00000007eef00000,0x00000007eef00000,0x00000007ef180000)
 ParOldGen       total 43520K, used 8923K [0x00000007c0000000, 0x00000007c2a80000, 0x00000007eaa80000)
  object space 43520K, 20% used [0x00000007c0000000,0x00000007c08b6f48,0x00000007c2a80000)
 PSPermGen       total 21504K, used 19771K [0x00000007bae00000, 0x00000007bc300000, 0x00000007c0000000)
  object space 21504K, 91% used [0x00000007bae00000,0x00000007bc14ec08,0x00000007bc300000)

Card table byte_map: [0x000000010ccc0000,0x000000010ceea000] byte_map_base: 0x0000000108ee9000

Polling page: 0x0000000109786000

Code Cache  [0x0000000109c00000, 0x0000000109e70000, 0x000000010cc00000)
 total_blobs=588 nmethods=254 adapters=288 free_code_cache=48273Kb largest_free_block=49383616

Compilation events (10 events):
Event: 543.780 Thread 0x00007f93da851800  263             java.util.concurrent.TimeUnit$3::toNanos (11 bytes)
Event: 543.781 Thread 0x00007f93da851800 nmethod 263 0x0000000109cda590 code [0x0000000109cda6c0, 0x0000000109cda758]
Event: 544.893 Thread 0x00007f93db056800  264             com.google.common.collect.Queues::drain (91 bytes)
Event: 544.916 Thread 0x00007f93db056800 nmethod 264 0x0000000109cbe790 code [0x0000000109cbe960, 0x0000000109cbeee8]
Event: 545.296 Thread 0x00007f93da851800  265             io.dropwizard.util.Duration::getUnit (5 bytes)
Event: 545.297 Thread 0x00007f93da851800 nmethod 265 0x0000000109cda390 code [0x0000000109cda4c0, 0x0000000109cda538]
Event: 546.520 Thread 0x00007f93da851800  266             io.dropwizard.logging.AsyncAppender::access$000 (5 bytes)
Event: 546.521 Thread 0x00007f93da851800 nmethod 266 0x0000000109cda190 code [0x0000000109cda2c0, 0x0000000109cda318]
Event: 546.758 Thread 0x00007f93db056800  267             io.dropwizard.util.Duration::getQuantity (5 bytes)
Event: 546.759 Thread 0x00007f93db056800 nmethod 267 0x0000000109cd9f90 code [0x0000000109cda0c0, 0x0000000109cda118]

GC Heap History (6 events):
Event: 2.113 GC heap before
{Heap before GC invocations=1 (full 0):
 PSYoungGen      total 19456K, used 16896K [0x00000007eaa80000, 0x00000007ec000000, 0x0000000800000000)
  eden space 16896K, 100% used [0x00000007eaa80000,0x00000007ebb00000,0x00000007ebb00000)
  from space 2560K, 0% used [0x00000007ebd80000,0x00000007ebd80000,0x00000007ec000000)
  to   space 2560K, 0% used [0x00000007ebb00000,0x00000007ebb00000,0x00000007ebd80000)
 ParOldGen       total 43520K, used 0K [0x00000007c0000000, 0x00000007c2a80000, 0x00000007eaa80000)
  object space 43520K, 0% used [0x00000007c0000000,0x00000007c0000000,0x00000007c2a80000)
 PSPermGen       total 21504K, used 8040K [0x00000007bae00000, 0x00000007bc300000, 0x00000007c0000000)
  object space 21504K, 37% used [0x00000007bae00000,0x00000007bb5da2f8,0x00000007bc300000)
Event: 2.147 GC heap after
Heap after GC invocations=1 (full 0):
 PSYoungGen      total 19456K, used 2549K [0x00000007eaa80000, 0x00000007ed080000, 0x0000000800000000)
  eden space 16896K, 0% used [0x00000007eaa80000,0x00000007eaa80000,0x00000007ebb00000)
  from space 2560K, 99% used [0x00000007ebb00000,0x00000007ebd7d4a0,0x00000007ebd80000)
  to   space 2560K, 0% used [0x00000007ece00000,0x00000007ece00000,0x00000007ed080000)
 ParOldGen       total 43520K, used 1328K [0x00000007c0000000, 0x00000007c2a80000, 0x00000007eaa80000)
  object space 43520K, 3% used [0x00000007c0000000,0x00000007c014c078,0x00000007c2a80000)
 PSPermGen       total 21504K, used 8040K [0x00000007bae00000, 0x00000007bc300000, 0x00000007c0000000)
  object space 21504K, 37% used [0x00000007bae00000,0x00000007bb5da2f8,0x00000007bc300000)
}
Event: 3.297 GC heap before
{Heap before GC invocations=2 (full 0):
 PSYoungGen      total 19456K, used 19445K [0x00000007eaa80000, 0x00000007ed080000, 0x0000000800000000)
  eden space 16896K, 100% used [0x00000007eaa80000,0x00000007ebb00000,0x00000007ebb00000)
  from space 2560K, 99% used [0x00000007ebb00000,0x00000007ebd7d4a0,0x00000007ebd80000)
  to   space 2560K, 0% used [0x00000007ece00000,0x00000007ece00000,0x00000007ed080000)
 ParOldGen       total 43520K, used 1328K [0x00000007c0000000, 0x00000007c2a80000, 0x00000007eaa80000)
  object space 43520K, 3% used [0x00000007c0000000,0x00000007c014c078,0x00000007c2a80000)
 PSPermGen       total 21504K, used 12861K [0x00000007bae00000, 0x00000007bc300000, 0x00000007c0000000)
  object space 21504K, 59% used [0x00000007bae00000,0x00000007bba8f5e0,0x00000007bc300000)
Event: 3.326 GC heap after
Heap after GC invocations=2 (full 0):
 PSYoungGen      total 36352K, used 2559K [0x00000007eaa80000, 0x00000007ed080000, 0x0000000800000000)
  eden space 33792K, 0% used [0x00000007eaa80000,0x00000007eaa80000,0x00000007ecb80000)
  from space 2560K, 99% used [0x00000007ece00000,0x00000007ed07ff00,0x00000007ed080000)
  to   space 2560K, 0% used [0x00000007ecb80000,0x00000007ecb80000,0x00000007ece00000)
 ParOldGen       total 43520K, used 3162K [0x00000007c0000000, 0x00000007c2a80000, 0x00000007eaa80000)
  object space 43520K, 7% used [0x00000007c0000000,0x00000007c0316830,0x00000007c2a80000)
 PSPermGen       total 21504K, used 12861K [0x00000007bae00000, 0x00000007bc300000, 0x00000007c0000000)
  object space 21504K, 59% used [0x00000007bae00000,0x00000007bba8f5e0,0x00000007bc300000)
}
Event: 5.859 GC heap before
{Heap before GC invocations=3 (full 0):
 PSYoungGen      total 36352K, used 36351K [0x00000007eaa80000, 0x00000007ed080000, 0x0000000800000000)
  eden space 33792K, 100% used [0x00000007eaa80000,0x00000007ecb80000,0x00000007ecb80000)
  from space 2560K, 99% used [0x00000007ece00000,0x00000007ed07ff00,0x00000007ed080000)
  to   space 2560K, 0% used [0x00000007ecb80000,0x00000007ecb80000,0x00000007ece00000)
 ParOldGen       total 43520K, used 3162K [0x00000007c0000000, 0x00000007c2a80000, 0x00000007eaa80000)
  object space 43520K, 7% used [0x00000007c0000000,0x00000007c0316830,0x00000007c2a80000)
 PSPermGen       total 21504K, used 18418K [0x00000007bae00000, 0x00000007bc300000, 0x00000007c0000000)
  object space 21504K, 85% used [0x00000007bae00000,0x00000007bbffc8f8,0x00000007bc300000)
Event: 5.894 GC heap after
Heap after GC invocations=3 (full 0):
 PSYoungGen      total 36352K, used 2528K [0x00000007eaa80000, 0x00000007ef180000, 0x0000000800000000)
  eden space 33792K, 0% used [0x00000007eaa80000,0x00000007eaa80000,0x00000007ecb80000)
  from space 2560K, 98% used [0x00000007ecb80000,0x00000007ecdf8030,0x00000007ece00000)
  to   space 2560K, 0% used [0x00000007eef00000,0x00000007eef00000,0x00000007ef180000)
 ParOldGen       total 43520K, used 8923K [0x00000007c0000000, 0x00000007c2a80000, 0x00000007eaa80000)
  object space 43520K, 20% used [0x00000007c0000000,0x00000007c08b6f48,0x00000007c2a80000)
 PSPermGen       total 21504K, used 18418K [0x00000007bae00000, 0x00000007bc300000, 0x00000007c0000000)
  object space 21504K, 85% used [0x00000007bae00000,0x00000007bbffc8f8,0x00000007bc300000)
}

Deoptimization events (10 events):
Event: 2.457 Thread 0x00007f93db005000 Uncommon trap: reason=unreached action=reinterpret pc=0x0000000109c840ec method=sun.misc.URLClassPath$JarLoader.ensureOpen()V @ 4
Event: 3.168 Thread 0x00007f93db005000 Uncommon trap: reason=class_check action=maybe_recompile pc=0x0000000109c6a090 method=java.lang.String.equals(Ljava/lang/Object;)Z @ 8
Event: 3.185 Thread 0x00007f93db005000 Uncommon trap: reason=class_check action=maybe_recompile pc=0x0000000109c6a090 method=java.lang.String.equals(Ljava/lang/Object;)Z @ 8
Event: 3.706 Thread 0x00007f93db005000 Uncommon trap: reason=unreached action=reinterpret pc=0x0000000109c94488 method=java.lang.AbstractStringBuilder.append(Ljava/lang/String;)Ljava/lang/AbstractStringBuilder; @ 1
Event: 3.707 Thread 0x00007f93db005000 Uncommon trap: reason=unreached action=reinterpret pc=0x0000000109c89f84 method=java.lang.AbstractStringBuilder.append(Ljava/lang/String;)Ljava/lang/AbstractStringBuilder; @ 1
Event: 5.918 Thread 0x00007f93db005000 Uncommon trap: reason=unreached action=reinterpret pc=0x0000000109cc48b4 method=java.lang.Class.searchMethods([Ljava/lang/reflect/Method;Ljava/lang/String;[Ljava/lang/Class;)Ljava/lang/reflect/Method; @ 47
Event: 6.150 Thread 0x00007f93db005000 Uncommon trap: reason=unreached action=reinterpret pc=0x0000000109ca3dac method=java.lang.reflect.Method.equals(Ljava/lang/Object;)Z @ 49
Event: 6.340 Thread 0x00007f93db005000 Uncommon trap: reason=null_check action=make_not_entrant pc=0x0000000109cc944c method=sun.reflect.Reflection.filterMethods(Ljava/lang/Class;[Ljava/lang/reflect/Method;)[Ljava/lang/reflect/Method; @ 18
Event: 6.375 Thread 0x00007f93db005000 Uncommon trap: reason=null_check action=make_not_entrant pc=0x0000000109cd34a8 method=sun.reflect.Reflection.filterMethods(Ljava/lang/Class;[Ljava/lang/reflect/Method;)[Ljava/lang/reflect/Method; @ 18
Event: 323.148 Thread 0x00007f93daa1a000 Uncommon trap: reason=range_check action=make_not_entrant pc=0x0000000109c889ec method=java.text.SimpleDateFormat.format(Ljava/util/Date;Ljava/lang/StringBuffer;Ljava/text/Format$FieldDelegate;)Ljava/lang/StringBuffer; @ 48

Internal exceptions (10 events):
Event: 6.550 Thread 0x00007f93db005000 Threw 0x00000007ebe839c0 at /HUDSON/workspace/7u-2-build-macosx-x86_64/jdk7u65/1224/hotspot/src/share/vm/prims/jvm.cpp:1244
Event: 6.550 Thread 0x00007f93db005000 Threw 0x00000007ebe88cb8 at /HUDSON/workspace/7u-2-build-macosx-x86_64/jdk7u65/1224/hotspot/src/share/vm/prims/jvm.cpp:1244
Event: 6.551 Thread 0x00007f93db005000 Threw 0x00000007ebe8dcf0 at /HUDSON/workspace/7u-2-build-macosx-x86_64/jdk7u65/1224/hotspot/src/share/vm/prims/jvm.cpp:1244
Event: 6.552 Thread 0x00007f93db005000 Threw 0x00000007ebe94b20 at /HUDSON/workspace/7u-2-build-macosx-x86_64/jdk7u65/1224/hotspot/src/share/vm/prims/jvm.cpp:1244
Event: 6.552 Thread 0x00007f93db005000 Threw 0x00000007ebe99bc8 at /HUDSON/workspace/7u-2-build-macosx-x86_64/jdk7u65/1224/hotspot/src/share/vm/prims/jvm.cpp:1244
Event: 6.553 Thread 0x00007f93db005000 Threw 0x00000007ebe9e080 at /HUDSON/workspace/7u-2-build-macosx-x86_64/jdk7u65/1224/hotspot/src/share/vm/prims/jvm.cpp:1244
Event: 6.553 Thread 0x00007f93db005000 Threw 0x00000007ebea24b0 at /HUDSON/workspace/7u-2-build-macosx-x86_64/jdk7u65/1224/hotspot/src/share/vm/prims/jvm.cpp:1244
Event: 6.562 Thread 0x00007f93db005000 Threw 0x00000007ebea9f98 at /HUDSON/workspace/7u-2-build-macosx-x86_64/jdk7u65/1224/hotspot/src/share/vm/prims/jvm.cpp:1244
Event: 6.575 Thread 0x00007f93db005000 Threw 0x00000007ebeb16a8 at /HUDSON/workspace/7u-2-build-macosx-x86_64/jdk7u65/1224/hotspot/src/share/vm/prims/jvm.cpp:1244
Event: 660.073 Thread 0x00007f93daabf800 Threw 0x00000007ebfcc3b8 at /HUDSON/workspace/7u-2-build-macosx-x86_64/jdk7u65/1224/hotspot/src/share/vm/prims/jvm.cpp:1244

Events (10 events):
Event: 660.061 loading class 0x00007f93da623aa0 done
Event: 660.061 loading class 0x00007f93daa6f8a0 done
Event: 660.063 loading class 0x00007f93db39d1b0
Event: 660.065 loading class 0x00007f93da623b50
Event: 660.067 loading class 0x00007f93da623b50 done
Event: 660.067 loading class 0x00007f93db39d1b0 done
Event: 660.068 loading class 0x00007f93db39d170
Event: 660.068 loading class 0x00007f93db39d170 done
Event: 660.072 loading class 0x00007f93da70b4f0
Event: 660.072 loading class 0x00007f93da70b4f0 done


Dynamic libraries:
0x0000000004c41000 	/System/Library/Frameworks/Cocoa.framework/Versions/A/Cocoa
0x0000000004c41000 	/System/Library/Frameworks/Security.framework/Versions/A/Security
0x0000000004c41000 	/System/Library/Frameworks/ApplicationServices.framework/Versions/A/ApplicationServices
0x0000000004c41000 	/usr/lib/libz.1.dylib
0x0000000004c41000 	/usr/lib/libSystem.B.dylib
0x0000000004c41000 	/usr/lib/libobjc.A.dylib
0x0000000004c41000 	/System/Library/Frameworks/CoreFoundation.framework/Versions/A/CoreFoundation
0x0000000004c41000 	/System/Library/Frameworks/Foundation.framework/Versions/C/Foundation
0x0000000004c41000 	/System/Library/Frameworks/AppKit.framework/Versions/C/AppKit
0x0000000004c41000 	/System/Library/Frameworks/CoreData.framework/Versions/A/CoreData
0x0000000004c41000 	/System/Library/PrivateFrameworks/RemoteViewServices.framework/Versions/A/RemoteViewServices
0x0000000004c41000 	/System/Library/Frameworks/AudioToolbox.framework/Versions/A/AudioToolbox
0x0000000004c41000 	/System/Library/Frameworks/AudioUnit.framework/Versions/A/AudioUnit
0x0000000004c41000 	/System/Library/PrivateFrameworks/DataDetectorsCore.framework/Versions/A/DataDetectorsCore
0x0000000004c41000 	/System/Library/PrivateFrameworks/DesktopServicesPriv.framework/Versions/A/DesktopServicesPriv
0x0000000004c41000 	/System/Library/Frameworks/Carbon.framework/Versions/A/Frameworks/HIToolbox.framework/Versions/A/HIToolbox
0x0000000004c41000 	/System/Library/Frameworks/QuartzCore.framework/Versions/A/QuartzCore
0x0000000004c41000 	/System/Library/Frameworks/Carbon.framework/Versions/A/Frameworks/SpeechRecognition.framework/Versions/A/SpeechRecognition
0x0000000004c41000 	/usr/lib/libauto.dylib
0x0000000004c41000 	/usr/lib/libicucore.A.dylib
0x0000000004c41000 	/usr/lib/libxml2.2.dylib
0x0000000004c41000 	/System/Library/PrivateFrameworks/CoreUI.framework/Versions/A/CoreUI
0x0000000004c41000 	/System/Library/Frameworks/CoreAudio.framework/Versions/A/CoreAudio
0x0000000004c41000 	/System/Library/Frameworks/DiskArbitration.framework/Versions/A/DiskArbitration
0x0000000004c41000 	/usr/lib/liblangid.dylib
0x0000000004c41000 	/System/Library/PrivateFrameworks/MultitouchSupport.framework/Versions/A/MultitouchSupport
0x0000000004c41000 	/System/Library/Frameworks/IOKit.framework/Versions/A/IOKit
0x0000000004c41000 	/usr/lib/libDiagnosticMessagesClient.dylib
0x0000000004c41000 	/System/Library/Frameworks/CoreServices.framework/Versions/A/CoreServices
0x0000000004c41000 	/System/Library/PrivateFrameworks/PerformanceAnalysis.framework/Versions/A/PerformanceAnalysis
0x0000000004c41000 	/System/Library/PrivateFrameworks/GenerationalStorage.framework/Versions/A/GenerationalStorage
0x0000000004c41000 	/System/Library/Frameworks/OpenGL.framework/Versions/A/OpenGL
0x0000000004c41000 	/System/Library/PrivateFrameworks/Sharing.framework/Versions/A/Sharing
0x0000000004c41000 	/System/Library/Frameworks/ImageIO.framework/Versions/A/ImageIO
0x0000000004c41000 	/System/Library/Frameworks/CoreText.framework/Versions/A/CoreText
0x0000000004c41000 	/System/Library/Frameworks/CoreGraphics.framework/Versions/A/CoreGraphics
0x0000000004c41000 	/System/Library/PrivateFrameworks/Backup.framework/Versions/A/Backup
0x0000000004c41000 	/System/Library/Frameworks/CFNetwork.framework/Versions/A/CFNetwork
0x0000000004c41000 	/System/Library/Frameworks/SystemConfiguration.framework/Versions/A/SystemConfiguration
0x0000000004c41000 	/usr/lib/libCRFSuite.dylib
0x0000000004c41000 	/usr/lib/libc++.1.dylib
0x0000000004c41000 	/usr/lib/libc++abi.dylib
0x0000000004c41000 	/usr/lib/system/libcache.dylib
0x0000000004c41000 	/usr/lib/system/libcommonCrypto.dylib
0x0000000004c41000 	/usr/lib/system/libcompiler_rt.dylib
0x0000000004c41000 	/usr/lib/system/libcopyfile.dylib
0x0000000004c41000 	/usr/lib/system/libcorecrypto.dylib
0x0000000004c41000 	/usr/lib/system/libdispatch.dylib
0x0000000004c41000 	/usr/lib/system/libdyld.dylib
0x0000000004c41000 	/usr/lib/system/libkeymgr.dylib
0x0000000004c41000 	/usr/lib/system/liblaunch.dylib
0x0000000004c41000 	/usr/lib/system/libmacho.dylib
0x0000000004c41000 	/usr/lib/system/libquarantine.dylib
0x0000000004c41000 	/usr/lib/system/libremovefile.dylib
0x0000000004c41000 	/usr/lib/system/libsystem_asl.dylib
0x0000000004c41000 	/usr/lib/system/libsystem_blocks.dylib
0x0000000004c41000 	/usr/lib/system/libsystem_c.dylib
0x0000000004c41000 	/usr/lib/system/libsystem_configuration.dylib
0x0000000004c41000 	/usr/lib/system/libsystem_dnssd.dylib
0x0000000004c41000 	/usr/lib/system/libsystem_info.dylib
0x0000000004c41000 	/usr/lib/system/libsystem_kernel.dylib
0x0000000004c41000 	/usr/lib/system/libsystem_m.dylib
0x0000000004c41000 	/usr/lib/system/libsystem_malloc.dylib
0x0000000004c41000 	/usr/lib/system/libsystem_network.dylib
0x0000000004c41000 	/usr/lib/system/libsystem_notify.dylib
0x0000000004c41000 	/usr/lib/system/libsystem_platform.dylib
0x0000000004c41000 	/usr/lib/system/libsystem_pthread.dylib
0x0000000004c41000 	/usr/lib/system/libsystem_sandbox.dylib
0x0000000004c41000 	/usr/lib/system/libsystem_stats.dylib
0x0000000004c41000 	/usr/lib/system/libunc.dylib
0x0000000004c41000 	/usr/lib/system/libunwind.dylib
0x0000000004c41000 	/usr/lib/system/libxpc.dylib
0x0000000004c41000 	/usr/lib/libbsm.0.dylib
0x0000000004c41000 	/usr/lib/libsqlite3.dylib
0x0000000004c41000 	/usr/lib/libxar.1.dylib
0x0000000004c41000 	/usr/lib/libpam.2.dylib
0x0000000004c41000 	/usr/lib/libOpenScriptingUtil.dylib
0x0000000004c41000 	/usr/lib/libbz2.1.0.dylib
0x0000000004c41000 	/System/Library/Frameworks/CoreServices.framework/Versions/A/Frameworks/CarbonCore.framework/Versions/A/CarbonCore
0x0000000004c41000 	/System/Library/Frameworks/CoreServices.framework/Versions/A/Frameworks/Metadata.framework/Versions/A/Metadata
0x0000000004c41000 	/System/Library/Frameworks/CoreServices.framework/Versions/A/Frameworks/OSServices.framework/Versions/A/OSServices
0x0000000004c41000 	/System/Library/Frameworks/CoreServices.framework/Versions/A/Frameworks/SearchKit.framework/Versions/A/SearchKit
0x0000000004c41000 	/System/Library/Frameworks/CoreServices.framework/Versions/A/Frameworks/AE.framework/Versions/A/AE
0x0000000004c41000 	/System/Library/Frameworks/CoreServices.framework/Versions/A/Frameworks/LaunchServices.framework/Versions/A/LaunchServices
0x0000000004c41000 	/System/Library/Frameworks/CoreServices.framework/Versions/A/Frameworks/DictionaryServices.framework/Versions/A/DictionaryServices
0x0000000004c41000 	/System/Library/Frameworks/NetFS.framework/Versions/A/NetFS
0x0000000004c41000 	/usr/lib/system/libkxld.dylib
0x0000000004c41000 	/System/Library/PrivateFrameworks/NetAuth.framework/Versions/A/NetAuth
0x0000000004c41000 	/System/Library/PrivateFrameworks/TCC.framework/Versions/A/TCC
0x0000000004c41000 	/System/Library/Frameworks/OpenDirectory.framework/Versions/A/Frameworks/CFOpenDirectory.framework/Versions/A/CFOpenDirectory
0x0000000004c41000 	/System/Library/Frameworks/ServiceManagement.framework/Versions/A/ServiceManagement
0x0000000004c41000 	/usr/lib/libxslt.1.dylib
0x0000000004c41000 	/System/Library/Frameworks/Carbon.framework/Versions/A/Frameworks/Ink.framework/Versions/A/Ink
0x0000000004c41000 	/System/Library/Frameworks/ApplicationServices.framework/Versions/A/Frameworks/ATS.framework/Versions/A/ATS
0x0000000004c41000 	/System/Library/Frameworks/ApplicationServices.framework/Versions/A/Frameworks/ColorSync.framework/Versions/A/ColorSync
0x0000000004c41000 	/System/Library/Frameworks/ApplicationServices.framework/Versions/A/Frameworks/HIServices.framework/Versions/A/HIServices
0x0000000004c41000 	/System/Library/Frameworks/ApplicationServices.framework/Versions/A/Frameworks/LangAnalysis.framework/Versions/A/LangAnalysis
0x0000000004c41000 	/System/Library/Frameworks/ApplicationServices.framework/Versions/A/Frameworks/PrintCore.framework/Versions/A/PrintCore
0x0000000004c41000 	/System/Library/Frameworks/ApplicationServices.framework/Versions/A/Frameworks/QD.framework/Versions/A/QD
0x0000000004c41000 	/System/Library/Frameworks/ApplicationServices.framework/Versions/A/Frameworks/SpeechSynthesis.framework/Versions/A/SpeechSynthesis
0x0000000004c41000 	/System/Library/Frameworks/IOSurface.framework/Versions/A/IOSurface
0x0000000004c41000 	/System/Library/Frameworks/Accelerate.framework/Versions/A/Accelerate
0x0000000004c41000 	/System/Library/Frameworks/Accelerate.framework/Versions/A/Frameworks/vImage.framework/Versions/A/vImage
0x0000000004c41000 	/System/Library/Frameworks/Accelerate.framework/Versions/A/Frameworks/vecLib.framework/Versions/A/vecLib
0x0000000004c41000 	/System/Library/Frameworks/Accelerate.framework/Versions/A/Frameworks/vecLib.framework/Versions/A/libvDSP.dylib
0x0000000004c41000 	/System/Library/Frameworks/Accelerate.framework/Versions/A/Frameworks/vecLib.framework/Versions/A/libvMisc.dylib
0x0000000004c41000 	/System/Library/Frameworks/Accelerate.framework/Versions/A/Frameworks/vecLib.framework/Versions/A/libLAPACK.dylib
0x0000000004c41000 	/System/Library/Frameworks/Accelerate.framework/Versions/A/Frameworks/vecLib.framework/Versions/A/libBLAS.dylib
0x0000000004c41000 	/System/Library/Frameworks/ApplicationServices.framework/Versions/A/Frameworks/ATS.framework/Versions/A/Resources/libFontParser.dylib
0x0000000004c41000 	/System/Library/Frameworks/ApplicationServices.framework/Versions/A/Frameworks/ATS.framework/Versions/A/Resources/libFontRegistry.dylib
0x0000000004c41000 	/System/Library/Frameworks/ImageIO.framework/Versions/A/Resources/libJPEG.dylib
0x0000000004c41000 	/System/Library/Frameworks/ImageIO.framework/Versions/A/Resources/libTIFF.dylib
0x0000000004c41000 	/System/Library/Frameworks/ImageIO.framework/Versions/A/Resources/libPng.dylib
0x0000000004c41000 	/System/Library/Frameworks/ImageIO.framework/Versions/A/Resources/libGIF.dylib
0x0000000004c41000 	/System/Library/Frameworks/ImageIO.framework/Versions/A/Resources/libJP2.dylib
0x0000000004c41000 	/System/Library/Frameworks/ImageIO.framework/Versions/A/Resources/libRadiance.dylib
0x0000000004c41000 	/usr/lib/libcups.2.dylib
0x0000000004c41000 	/System/Library/Frameworks/Kerberos.framework/Versions/A/Kerberos
0x0000000004c41000 	/System/Library/Frameworks/GSS.framework/Versions/A/GSS
0x0000000004c41000 	/usr/lib/libresolv.9.dylib
0x0000000004c41000 	/usr/lib/libiconv.2.dylib
0x0000000004c41000 	/System/Library/PrivateFrameworks/Heimdal.framework/Versions/A/Heimdal
0x0000000004c41000 	/System/Library/PrivateFrameworks/TrustEvaluationAgent.framework/Versions/A/TrustEvaluationAgent
0x0000000004c41000 	/usr/lib/libheimdal-asn1.dylib
0x0000000004c41000 	/System/Library/Frameworks/OpenDirectory.framework/Versions/A/OpenDirectory
0x0000000004c41000 	/System/Library/PrivateFrameworks/CommonAuth.framework/Versions/A/CommonAuth
0x0000000004c41000 	/System/Library/Frameworks/SecurityFoundation.framework/Versions/A/SecurityFoundation
0x0000000004c41000 	/System/Library/PrivateFrameworks/Bom.framework/Versions/A/Bom
0x0000000004c41000 	/System/Library/Frameworks/CoreVideo.framework/Versions/A/CoreVideo
0x0000000004c41000 	/System/Library/Frameworks/QuartzCore.framework/Versions/A/Frameworks/CoreImage.framework/Versions/A/CoreImage
0x0000000004c41000 	/System/Library/Frameworks/QuartzCore.framework/Versions/A/Frameworks/ScalableUserInterface.framework/Versions/A/ScalableUserInterface
0x0000000004c41000 	/System/Library/Frameworks/OpenGL.framework/Versions/A/Libraries/libGLU.dylib
0x0000000004c41000 	/System/Library/Frameworks/OpenGL.framework/Versions/A/Libraries/libGFXShared.dylib
0x0000000004c41000 	/System/Library/Frameworks/OpenGL.framework/Versions/A/Libraries/libGL.dylib
0x0000000004c41000 	/System/Library/Frameworks/OpenGL.framework/Versions/A/Libraries/libGLImage.dylib
0x0000000004c41000 	/System/Library/Frameworks/OpenGL.framework/Versions/A/Libraries/libCVMSPluginSupport.dylib
0x0000000004c41000 	/System/Library/Frameworks/OpenGL.framework/Versions/A/Libraries/libCoreVMClient.dylib
0x0000000004c41000 	/System/Library/PrivateFrameworks/FaceCore.framework/Versions/A/FaceCore
0x0000000004c41000 	/System/Library/PrivateFrameworks/CrashReporterSupport.framework/Versions/A/CrashReporterSupport
0x0000000004c41000 	/System/Library/Frameworks/OpenCL.framework/Versions/A/OpenCL
0x0000000004c41000 	/System/Library/PrivateFrameworks/AppleFSCompression.framework/Versions/A/AppleFSCompression
0x0000000004c41000 	/System/Library/PrivateFrameworks/Ubiquity.framework/Versions/A/Ubiquity
0x0000000004c41000 	/System/Library/PrivateFrameworks/IconServices.framework/Versions/A/IconServices
0x0000000004c41000 	/System/Library/PrivateFrameworks/ChunkingLibrary.framework/Versions/A/ChunkingLibrary
0x0000000004c41000 	/System/Library/PrivateFrameworks/CoreSymbolication.framework/Versions/A/CoreSymbolication
0x0000000004c41000 	/System/Library/PrivateFrameworks/Symbolication.framework/Versions/A/Symbolication
0x0000000004c41000 	/System/Library/PrivateFrameworks/DebugSymbols.framework/Versions/A/DebugSymbols
0x0000000108bd1000 	/Library/Java/JavaVirtualMachines/jdk1.7.0_65.jdk/Contents/Home/jre/lib/server/libjvm.dylib
0x0000000004c41000 	/usr/lib/libstdc++.6.dylib
0x0000000109749000 	/Library/Java/JavaVirtualMachines/jdk1.7.0_65.jdk/Contents/Home/jre/lib/libverify.dylib
0x0000000109756000 	/Library/Java/JavaVirtualMachines/jdk1.7.0_65.jdk/Contents/Home/jre/lib/libjava.dylib
0x0000000109790000 	/Library/Java/JavaVirtualMachines/jdk1.7.0_65.jdk/Contents/Home/jre/lib/libzip.dylib
0x0000000110637000 	/System/Library/Frameworks/JavaVM.framework/Frameworks/JavaRuntimeSupport.framework/JavaRuntimeSupport
0x000000011064f000 	/System/Library/Frameworks/JavaVM.framework/Versions/A/Frameworks/JavaNativeFoundation.framework/Versions/A/JavaNativeFoundation
0x0000000110664000 	/System/Library/Frameworks/JavaVM.framework/Versions/A/JavaVM
0x0000000004c41000 	/System/Library/Frameworks/Carbon.framework/Versions/A/Carbon
0x0000000110671000 	/System/Library/PrivateFrameworks/JavaLaunching.framework/Versions/A/JavaLaunching
0x0000000004c41000 	/System/Library/Frameworks/Carbon.framework/Versions/A/Frameworks/CommonPanels.framework/Versions/A/CommonPanels
0x0000000004c41000 	/System/Library/Frameworks/Carbon.framework/Versions/A/Frameworks/Help.framework/Versions/A/Help
0x0000000004c41000 	/System/Library/Frameworks/Carbon.framework/Versions/A/Frameworks/ImageCapture.framework/Versions/A/ImageCapture
0x0000000004c41000 	/System/Library/Frameworks/Carbon.framework/Versions/A/Frameworks/OpenScripting.framework/Versions/A/OpenScripting
0x0000000004c41000 	/System/Library/Frameworks/Carbon.framework/Versions/A/Frameworks/Print.framework/Versions/A/Print
0x0000000004c41000 	/System/Library/Frameworks/Carbon.framework/Versions/A/Frameworks/SecurityHI.framework/Versions/A/SecurityHI
0x0000000110efc000 	/Library/Java/JavaVirtualMachines/jdk1.7.0_65.jdk/Contents/Home/jre/lib/libnet.dylib
0x0000000110d89000 	/Library/Java/JavaVirtualMachines/jdk1.7.0_65.jdk/Contents/Home/jre/lib/libnio.dylib
0x000000011106e000 	/Library/Java/JavaVirtualMachines/jdk1.7.0_65.jdk/Contents/Home/jre/lib/libmanagement.dylib

VM Arguments:
java_command: target/veintobrain-0.0.1-SNAPSHOT.jar server veintobrain.yaml
Launcher Type: SUN_STANDARD

Environment Variables:
JAVA_HOME=/Library/Java/JavaVirtualMachines/jdk1.7.0_65.jdk/Contents/Home
PATH=/Library/Java/JavaVirtualMachines/jdk1.7.0_65.jdk/Contents/Home/bin:/usr/local/apache-maven/apache-maven-3.2.2/bin:/usr/bin:/bin:/usr/sbin:/sbin:/usr/local/bin
SHELL=/bin/bash

Signal Handlers:
SIGSEGV: [libjvm.dylib+0x52b6c9], sa_mask[0]=0xfffefeff, sa_flags=0x00000043
SIGBUS: [libjvm.dylib+0x52b6c9], sa_mask[0]=0xfffefeff, sa_flags=0x00000042
SIGFPE: [libjvm.dylib+0x41deaa], sa_mask[0]=0xfffefeff, sa_flags=0x00000042
SIGPIPE: [libjvm.dylib+0x41deaa], sa_mask[0]=0xfffefeff, sa_flags=0x00000042
SIGXFSZ: [libjvm.dylib+0x41deaa], sa_mask[0]=0xfffefeff, sa_flags=0x00000042
SIGILL: [libjvm.dylib+0x41deaa], sa_mask[0]=0xfffefeff, sa_flags=0x00000042
SIGUSR1: SIG_DFL, sa_mask[0]=0x63807efb, sa_flags=0x00000000
SIGUSR2: [libjvm.dylib+0x41d99c], sa_mask[0]=0x00000000, sa_flags=0x00000042
SIGHUP: [libjvm.dylib+0x41bc2d], sa_mask[0]=0xfffefeff, sa_flags=0x00000042
SIGINT: [libjvm.dylib+0x41bc2d], sa_mask[0]=0xfffefeff, sa_flags=0x00000042
SIGTERM: [libjvm.dylib+0x41bc2d], sa_mask[0]=0xfffefeff, sa_flags=0x00000042
SIGQUIT: [libjvm.dylib+0x41bc2d], sa_mask[0]=0xfffefeff, sa_flags=0x00000042


---------------  S Y S T E M  ---------------

OS:Bsduname:Darwin 13.1.0 Darwin Kernel Version 13.1.0: Thu Jan 16 19:40:37 PST 2014; root:xnu-2422.90.20~2/RELEASE_X86_64 x86_64
rlimit: STACK 8192k, CORE 0k, NPROC 709, NOFILE 10240, AS infinity
load average:2.14 4.07 4.14

CPU:total 2 (2 cores per cpu, 1 threads per core) family 6 model 23 stepping 10, cmov, cx8, fxsr, mmx, sse, sse2, sse3, ssse3, sse4.1, tsc

Memory: 4k page, physical 4194304k(1048576k free)

/proc/meminfo:


vm_info: Java HotSpot(TM) 64-Bit Server VM (24.65-b04) for bsd-amd64 JRE (1.7.0_65-b17), built on Jun 16 2014 20:31:25 by "java_re" with gcc 4.2.1 (Based on Apple Inc. build 5658) (LLVM build 2336.11.00)

time: Fri Jul 18 13:34:16 2014
elapsed time: 660 seconds

