#
# A fatal error has been detected by the Java Runtime Environment:
#
#  SIGBUS (0xa) at pc=0x0000000100f7e0b7, pid=11535, tid=28683
#
# JRE version: Java(TM) SE Runtime Environment (7.0_60-b19) (build 1.7.0_60-b19)
# Java VM: Java HotSpot(TM) 64-Bit Server VM (24.60-b09 mixed mode bsd-amd64 compressed oops)
# Problematic frame:
# C  [libzip.dylib+0x30b7]  newEntry+0x154
#
# Failed to write core dump. Core dumps have been disabled. To enable core dumping, try "ulimit -c unlimited" before starting Java again
#
# If you would like to submit a bug report, please visit:
#   http://bugreport.sun.com/bugreport/crash.jsp
# The crash happened outside the Java Virtual Machine in native code.
# See problematic frame for where to report the bug.
#

---------------  T H R E A D  ---------------

Current thread (0x00007f98830ea800):  JavaThread "Thread-12" [_thread_in_native, id=28683, stack(0x0000000109cbd000,0x0000000109dbd000)]

siginfo:si_signo=SIGBUS: si_errno=0, si_code=2 (BUS_ADRERR), si_addr=0x000000010865bcf7

Registers:
RAX=0x00007f9882d38e20, RBX=0x000000010865bceb, RCX=0x0000000000000001, RDX=0x0000000000000000
RSP=0x0000000109dba780, RBP=0x0000000109dba7e0, RSI=0x00000000ffffff87, RDI=0x00000001002a8a00
R8 =0x0000000000000004, R9 =0x00007f9882f00000, R10=0x0000000101477cd8, R11=0x0000000109dba84e
R12=0x000000000001bb60, R13=0x0000000108585000, R14=0x00007f9882d38e20, R15=0x00007f9882f82fe0
RIP=0x0000000100f7e0b7, EFLAGS=0x0000000000010206, ERR=0x0000000000000004
  TRAPNO=0x000000000000000e

Top of Stack: (sp=0x0000000109dba780)
0x0000000109dba780:   00007f9882d1b2ec 0000000000000000
0x0000000109dba790:   0000000100000000 00007fff8a2848c0
0x0000000109dba7a0:   0000000109dba7c0 00007f9882d38e20
0x0000000109dba7b0:   00007f9882f87620 000000009ac6435b
0x0000000109dba7c0:   000000000001bb60 0000000108585000
0x0000000109dba7d0:   00007f9882d38e20 00007f9882f82fe0
0x0000000109dba7e0:   0000000109dba830 0000000100f7e725
0x0000000109dba7f0:   000000000000002b 0000002b830ea800
0x0000000109dba800:   0000000109dba84e 0000000109dbac98
0x0000000109dba810:   000000000000002b 0000000109dba84e
0x0000000109dba820:   00007f9882d38e20 00007f98830ea9e8
0x0000000109dba830:   0000000109dbac80 0000000100f7d570
0x0000000109dba840:   0000000109dbae80 726f000000000001
0x0000000109dba850:   7370696c63652f67 2f797474656a2f65
0x0000000109dba860:   7475462f6c697475 626c6c6143657275
0x0000000109dba870:   73616c632e6b6361 ffffffffffff0073
0x0000000109dba880:   0000000000000000 0000000000000001
0x0000000109dba890:   0000000109dbacc0 00007fff8a249192
0x0000000109dba8a0:   0000000000000000 ffffffffffffffff
0x0000000109dba8b0:   0000000000000000 0000000000000001
0x0000000109dba8c0:   0000000100000000 00007fff8a249192
0x0000000109dba8d0:   0000000000000000 0000000109dbb038
0x0000000109dba8e0:   0000000109dbace0 0000000109dba8f8
0x0000000109dba8f0:   0000000000000000 0000000100915cbd
0x0000000109dba900:   0000000000000001 0000000109dbaabc
0x0000000109dba910:   0000000000000004 0000000109dbaab7
0x0000000109dba920:   0000000000000009 0000000000000001
0x0000000109dba930:   0000000109dbb315 0000000000000001
0x0000000109dba940:   00007f9882d1b2ec 0000000000000000
0x0000000109dba950:   0000000100000001 0000000000000001
0x0000000109dba960:   0000000000000000 0000000000000000
0x0000000109dba970:   00007f98830ea800 5800000000000000 

Instructions: (pc=0x0000000100f7e0b7)
0x0000000100f7e097:   49 8b 7f 38 e8 9c 1a 00 00 4d 89 77 38 49 89 5f
0x0000000100f7e0a7:   40 4c 89 f0 48 85 c0 0f 84 16 05 00 00 48 89 c3
0x0000000100f7e0b7:   0f b6 43 0c 0f b6 4b 0d 48 c1 e1 08 48 01 c1 0f
0x0000000100f7e0c7:   b6 43 0e 0f b6 53 0f 48 c1 e2 08 48 01 c2 48 c1 

Register to memory mapping:

RAX=0x00007f9882d38e20 is an unknown value
RBX=0x000000010865bceb is an unknown value
RCX=0x0000000000000001 is an unknown value
RDX=0x0000000000000000 is an unknown value
RSP=0x0000000109dba780 is pointing into the stack for thread: 0x00007f98830ea800
RBP=0x0000000109dba7e0 is pointing into the stack for thread: 0x00007f98830ea800
RSI=0x00000000ffffff87 is an unknown value
RDI=0x00000001002a8a00 is an unknown value
R8 =0x0000000000000004 is an unknown value
R9 =0x00007f9882f00000 is an unknown value
R10=0x0000000101477cd8 is at entry_point+88 in (nmethod*)0x0000000101477b10
R11=0x0000000109dba84e is pointing into the stack for thread: 0x00007f98830ea800
R12=0x000000000001bb60 is an unknown value
R13=0x0000000108585000 is an unknown value
R14=0x00007f9882d38e20 is an unknown value
R15=0x00007f9882f82fe0 is an unknown value


Stack: [0x0000000109cbd000,0x0000000109dbd000],  sp=0x0000000109dba780,  free space=1013k
Native frames: (J=compiled Java code, j=interpreted, Vv=VM code, C=native code)
C  [libzip.dylib+0x30b7]  newEntry+0x154
C  [libzip.dylib+0x3725]  ZIP_GetEntry+0xa2
C  [libzip.dylib+0x2570]  Java_java_util_zip_ZipFile_getEntry+0xdd
J 44  java.util.zip.ZipFile.getEntry(J[BZ)J (0 bytes) @ 0x0000000101477d4e [0x0000000101477c80+0xce]

Java frames: (J=compiled Java code, j=interpreted, Vv=VM code)
J 44  java.util.zip.ZipFile.getEntry(J[BZ)J (0 bytes) @ 0x0000000101477cd8 [0x0000000101477c80+0x58]
J 142 C2 java.util.jar.JarFile.getEntry(Ljava/lang/String;)Ljava/util/zip/ZipEntry; (22 bytes) @ 0x00000001014c0c4c [0x00000001014c0920+0x32c]
J 147 C2 sun.misc.URLClassPath.getResource(Ljava/lang/String;Z)Lsun/misc/Resource; (74 bytes) @ 0x00000001014b128c [0x00000001014b10c0+0x1cc]
j  java.net.URLClassLoader$1.run()Ljava/lang/Class;+26
j  java.net.URLClassLoader$1.run()Ljava/lang/Object;+1
v  ~StubRoutines::call_stub
j  java.security.AccessController.doPrivileged(Ljava/security/PrivilegedExceptionAction;Ljava/security/AccessControlContext;)Ljava/lang/Object;+0
j  java.net.URLClassLoader.findClass(Ljava/lang/String;)Ljava/lang/Class;+13
j  java.lang.ClassLoader.loadClass(Ljava/lang/String;Z)Ljava/lang/Class;+70
j  sun.misc.Launcher$AppClassLoader.loadClass(Ljava/lang/String;Z)Ljava/lang/Class;+36
j  java.lang.ClassLoader.loadClass(Ljava/lang/String;)Ljava/lang/Class;+3
v  ~StubRoutines::call_stub
j  org.eclipse.jetty.server.AbstractConnector.shutdown()Ljava/util/concurrent/Future;+0
j  org.eclipse.jetty.server.AbstractNetworkConnector.shutdown()Ljava/util/concurrent/Future;+5
j  org.eclipse.jetty.server.ServerConnector.shutdown()Ljava/util/concurrent/Future;+1
j  org.eclipse.jetty.server.Server.doStop()V+60
j  org.eclipse.jetty.util.component.AbstractLifeCycle.stop()V+30
j  org.eclipse.jetty.util.thread.ShutdownThread.run()V+41
v  ~StubRoutines::call_stub

---------------  P R O C E S S  ---------------

Java Threads: ( => current thread )
=>0x00007f98830ea800 JavaThread "Thread-12" [_thread_in_native, id=28683, stack(0x0000000109cbd000,0x0000000109dbd000)]
  0x00007f9883a77000 JavaThread "SIGHUP handler" daemon [_thread_blocked, id=27859, stack(0x0000000108cce000,0x0000000108dce000)]
  0x00007f98830e5000 JavaThread "dw-admin-762" [_thread_blocked, id=28663, stack(0x000000010878d000,0x000000010888d000)]
  0x00007f98839f1800 JavaThread "Scheduler-788309675" [_thread_blocked, id=12551, stack(0x0000000107e66000,0x0000000107f66000)]
  0x00007f9883807000 JavaThread "DestroyJavaVM" [_thread_blocked, id=6915, stack(0x0000000100e32000,0x0000000100f32000)]
  0x00007f98839ee000 JavaThread "dw-admin-24-acceptor-0-admin@6e328cbf{HTTP/1.1}{0.0.0.0:8081}" [_thread_in_native, id=26115, stack(0x0000000109ab7000,0x0000000109bb7000)]
  0x00007f98838cb800 JavaThread "dw-admin-23-selector-1" [_thread_in_native, id=25603, stack(0x00000001099b4000,0x0000000109ab4000)]
  0x00007f988329a800 JavaThread "dw-admin-22-selector-0" [_thread_in_native, id=25091, stack(0x00000001098b1000,0x00000001099b1000)]
  0x00007f98831fd800 JavaThread "dw-19" [_thread_blocked, id=24579, stack(0x00000001097ae000,0x00000001098ae000)]
  0x00007f98839d6000 JavaThread "dw-18" [_thread_blocked, id=24067, stack(0x00000001096ab000,0x00000001097ab000)]
  0x00007f9883aef800 JavaThread "dw-17" [_thread_blocked, id=23555, stack(0x00000001095a8000,0x00000001096a8000)]
  0x00007f98831b5800 JavaThread "dw-16" [_thread_blocked, id=23043, stack(0x00000001094a5000,0x00000001095a5000)]
  0x00007f988339e000 JavaThread "dw-15" [_thread_blocked, id=22531, stack(0x00000001093a2000,0x00000001094a2000)]
  0x00007f9883abd800 JavaThread "dw-14" [_thread_blocked, id=22019, stack(0x000000010929f000,0x000000010939f000)]
  0x00007f98833ad000 JavaThread "dw-13-selector-1" [_thread_in_native, id=21507, stack(0x000000010919c000,0x000000010929c000)]
  0x00007f98833a8000 JavaThread "dw-12-selector-0" [_thread_in_native, id=20995, stack(0x0000000109099000,0x0000000109199000)]
  0x00007f9883aea000 JavaThread "DateCache" daemon [_thread_blocked, id=20483, stack(0x0000000108f96000,0x0000000109096000)]
  0x00007f98833b0000 JavaThread "async-console-appender-2" [_thread_blocked, id=19971, stack(0x0000000108e93000,0x0000000108f93000)]
  0x00007f9883a57800 JavaThread "async-console-appender-1" [_thread_blocked, id=19459, stack(0x0000000108b37000,0x0000000108c37000)]
  0x00007f9883849000 JavaThread "Service Thread" daemon [_thread_blocked, id=18435, stack(0x0000000108275000,0x0000000108375000)]
  0x00007f9883848800 JavaThread "C2 CompilerThread1" daemon [_thread_blocked, id=17923, stack(0x0000000108172000,0x0000000108272000)]
  0x00007f9883847000 JavaThread "C2 CompilerThread0" daemon [_thread_blocked, id=17411, stack(0x000000010806f000,0x000000010816f000)]
  0x00007f9883808000 JavaThread "Signal Dispatcher" daemon [_thread_blocked, id=16899, stack(0x0000000107f6c000,0x000000010806c000)]
  0x00007f9883032000 JavaThread "Finalizer" daemon [_thread_blocked, id=12035, stack(0x0000000107d35000,0x0000000107e35000)]
  0x00007f9883031800 JavaThread "Reference Handler" daemon [_thread_blocked, id=11523, stack(0x0000000107c32000,0x0000000107d32000)]

Other Threads:
  0x00007f988302f000 VMThread [stack: 0x0000000107b2f000,0x0000000107c2f000] [id=11011]
  0x00007f9883842000 WatcherThread [stack: 0x0000000108378000,0x0000000108478000] [id=18947]

VM state:not at safepoint (normal execution)

VM Mutex/Monitor currently owned by a thread: None

Heap
 PSYoungGen      total 60928K, used 5511K [0x00000007eaa80000, 0x00000007f2f00000, 0x0000000800000000)
  eden space 60416K, 8% used [0x00000007eaa80000,0x00000007eafc9df0,0x00000007ee580000)
  from space 512K, 18% used [0x00000007f2e80000,0x00000007f2e98000,0x00000007f2f00000)
  to   space 9216K, 0% used [0x00000007f1d00000,0x00000007f1d00000,0x00000007f2600000)
 ParOldGen       total 43520K, used 14719K [0x00000007c0000000, 0x00000007c2a80000, 0x00000007eaa80000)
  object space 43520K, 33% used [0x00000007c0000000,0x00000007c0e5fd08,0x00000007c2a80000)
 PSPermGen       total 21504K, used 20855K [0x00000007bae00000, 0x00000007bc300000, 0x00000007c0000000)
  object space 21504K, 96% used [0x00000007bae00000,0x00000007bc25dec0,0x00000007bc300000)

Card table byte_map: [0x00000001044c0000,0x00000001046ea000] byte_map_base: 0x00000001006e9000

Polling page: 0x0000000100f71000

Code Cache  [0x0000000101400000, 0x0000000101670000, 0x0000000104400000)
 total_blobs=666 nmethods=325 adapters=295 free_code_cache=48055Kb largest_free_block=49174464

Compilation events (10 events):
Event: 36545.636 Thread 0x00007f9883848800 nmethod 341 0x0000000101513a90 code [0x0000000101513c00, 0x0000000101513e18]
Event: 36545.636 Thread 0x00007f9883848800  342             java.lang.Long::stringSize (38 bytes)
Event: 36545.645 Thread 0x00007f9883848800 nmethod 342 0x0000000101513790 code [0x00000001015138c0, 0x0000000101513a38]
Event: 36545.645 Thread 0x00007f9883848800  343             java.lang.Long::getChars (221 bytes)
Event: 36545.683 Thread 0x00007f9883848800 nmethod 343 0x0000000101510810 code [0x0000000101510980, 0x0000000101511318]
Event: 36545.684 Thread 0x00007f9883847000 nmethod 338 0x0000000101503210 code [0x00000001015033c0, 0x00000001015040f8]
Event: 60323.661 Thread 0x00007f9883848800  344             java.lang.ThreadLocal$ThreadLocalMap::<init> (148 bytes)
Event: 60323.772 Thread 0x00007f9883848800 nmethod 344 0x000000010150ff90 code [0x0000000101510120, 0x00000001015104e8]
Event: 61403.743 Thread 0x00007f9883847000  345   !         java.lang.ThreadGroup::remove (94 bytes)
Event: 61403.788 Thread 0x00007f9883847000 nmethod 345 0x000000010150f690 code [0x000000010150f7e0, 0x000000010150fe38]

GC Heap History (10 events):
Event: 93.489 GC heap before
{Heap before GC invocations=4 (full 0):
 PSYoungGen      total 36352K, used 36167K [0x00000007eaa80000, 0x00000007ef180000, 0x0000000800000000)
  eden space 33792K, 99% used [0x00000007eaa80000,0x00000007ecb59d90,0x00000007ecb80000)
  from space 2560K, 98% used [0x00000007ecb80000,0x00000007ecdf8060,0x00000007ece00000)
  to   space 2560K, 0% used [0x00000007eef00000,0x00000007eef00000,0x00000007ef180000)
 ParOldGen       total 43520K, used 9033K [0x00000007c0000000, 0x00000007c2a80000, 0x00000007eaa80000)
  object space 43520K, 20% used [0x00000007c0000000,0x00000007c08d24b0,0x00000007c2a80000)
 PSPermGen       total 21504K, used 20782K [0x00000007bae00000, 0x00000007bc300000, 0x00000007c0000000)
  object space 21504K, 96% used [0x00000007bae00000,0x00000007bc24b930,0x00000007bc300000)
Event: 93.522 GC heap after
Heap after GC invocations=4 (full 0):
 PSYoungGen      total 70144K, used 2544K [0x00000007eaa80000, 0x00000007ef180000, 0x0000000800000000)
  eden space 67584K, 0% used [0x00000007eaa80000,0x00000007eaa80000,0x00000007eec80000)
  from space 2560K, 99% used [0x00000007eef00000,0x00000007ef17c020,0x00000007ef180000)
  to   space 2560K, 0% used [0x00000007eec80000,0x00000007eec80000,0x00000007eef00000)
 ParOldGen       total 43520K, used 11970K [0x00000007c0000000, 0x00000007c2a80000, 0x00000007eaa80000)
  object space 43520K, 27% used [0x00000007c0000000,0x00000007c0bb0860,0x00000007c2a80000)
 PSPermGen       total 21504K, used 20782K [0x00000007bae00000, 0x00000007bc300000, 0x00000007c0000000)
  object space 21504K, 96% used [0x00000007bae00000,0x00000007bc24b930,0x00000007bc300000)
}
Event: 12946.415 GC heap before
{Heap before GC invocations=5 (full 0):
 PSYoungGen      total 70144K, used 70128K [0x00000007eaa80000, 0x00000007ef180000, 0x0000000800000000)
  eden space 67584K, 100% used [0x00000007eaa80000,0x00000007eec80000,0x00000007eec80000)
  from space 2560K, 99% used [0x00000007eef00000,0x00000007ef17c020,0x00000007ef180000)
  to   space 2560K, 0% used [0x00000007eec80000,0x00000007eec80000,0x00000007eef00000)
 ParOldGen       total 43520K, used 11970K [0x00000007c0000000, 0x00000007c2a80000, 0x00000007eaa80000)
  object space 43520K, 27% used [0x00000007c0000000,0x00000007c0bb0860,0x00000007c2a80000)
 PSPermGen       total 21504K, used 20837K [0x00000007bae00000, 0x00000007bc300000, 0x00000007c0000000)
  object space 21504K, 96% used [0x00000007bae00000,0x00000007bc259418,0x00000007bc300000)
Event: 12946.541 GC heap after
Heap after GC invocations=5 (full 0):
 PSYoungGen      total 70144K, used 2544K [0x00000007eaa80000, 0x00000007f3e80000, 0x0000000800000000)
  eden space 67584K, 0% used [0x00000007eaa80000,0x00000007eaa80000,0x00000007eec80000)
  from space 2560K, 99% used [0x00000007eec80000,0x00000007eeefc020,0x00000007eef00000)
  to   space 8192K, 0% used [0x00000007f3680000,0x00000007f3680000,0x00000007f3e80000)
 ParOldGen       total 43520K, used 12525K [0x00000007c0000000, 0x00000007c2a80000, 0x00000007eaa80000)
  object space 43520K, 28% used [0x00000007c0000000,0x00000007c0c3b458,0x00000007c2a80000)
 PSPermGen       total 21504K, used 20837K [0x00000007bae00000, 0x00000007bc300000, 0x00000007c0000000)
  object space 21504K, 96% used [0x00000007bae00000,0x00000007bc259418,0x00000007bc300000)
}
Event: 27128.854 GC heap before
{Heap before GC invocations=6 (full 0):
 PSYoungGen      total 70144K, used 70128K [0x00000007eaa80000, 0x00000007f3e80000, 0x0000000800000000)
  eden space 67584K, 100% used [0x00000007eaa80000,0x00000007eec80000,0x00000007eec80000)
  from space 2560K, 99% used [0x00000007eec80000,0x00000007eeefc020,0x00000007eef00000)
  to   space 8192K, 0% used [0x00000007f3680000,0x00000007f3680000,0x00000007f3e80000)
 ParOldGen       total 43520K, used 12525K [0x00000007c0000000, 0x00000007c2a80000, 0x00000007eaa80000)
  object space 43520K, 28% used [0x00000007c0000000,0x00000007c0c3b458,0x00000007c2a80000)
 PSPermGen       total 21504K, used 20837K [0x00000007bae00000, 0x00000007bc300000, 0x00000007c0000000)
  object space 21504K, 96% used [0x00000007bae00000,0x00000007bc2595b8,0x00000007bc300000)
Event: 27128.957 GC heap after
Heap after GC invocations=6 (full 0):
 PSYoungGen      total 67584K, used 2224K [0x00000007eaa80000, 0x00000007f3900000, 0x0000000800000000)
  eden space 65024K, 0% used [0x00000007eaa80000,0x00000007eaa80000,0x00000007eea00000)
  from space 2560K, 86% used [0x00000007f3680000,0x00000007f38ac020,0x00000007f3900000)
  to   space 8704K, 0% used [0x00000007f2800000,0x00000007f2800000,0x00000007f3080000)
 ParOldGen       total 43520K, used 12525K [0x00000007c0000000, 0x00000007c2a80000, 0x00000007eaa80000)
  object space 43520K, 28% used [0x00000007c0000000,0x00000007c0c3b458,0x00000007c2a80000)
 PSPermGen       total 21504K, used 20837K [0x00000007bae00000, 0x00000007bc300000, 0x00000007c0000000)
  object space 21504K, 96% used [0x00000007bae00000,0x00000007bc2595b8,0x00000007bc300000)
}
Event: 56783.197 GC heap before
{Heap before GC invocations=7 (full 0):
 PSYoungGen      total 67584K, used 67248K [0x00000007eaa80000, 0x00000007f3900000, 0x0000000800000000)
  eden space 65024K, 100% used [0x00000007eaa80000,0x00000007eea00000,0x00000007eea00000)
  from space 2560K, 86% used [0x00000007f3680000,0x00000007f38ac020,0x00000007f3900000)
  to   space 8704K, 0% used [0x00000007f2800000,0x00000007f2800000,0x00000007f3080000)
 ParOldGen       total 43520K, used 12525K [0x00000007c0000000, 0x00000007c2a80000, 0x00000007eaa80000)
  object space 43520K, 28% used [0x00000007c0000000,0x00000007c0c3b458,0x00000007c2a80000)
 PSPermGen       total 21504K, used 20842K [0x00000007bae00000, 0x00000007bc300000, 0x00000007c0000000)
  object space 21504K, 96% used [0x00000007bae00000,0x00000007bc25a8e0,0x00000007bc300000)
Event: 56783.310 GC heap after
Heap after GC invocations=7 (full 0):
 PSYoungGen      total 64000K, used 1376K [0x00000007eaa80000, 0x00000007f3700000, 0x0000000800000000)
  eden space 62464K, 0% used [0x00000007eaa80000,0x00000007eaa80000,0x00000007ee780000)
  from space 1536K, 89% used [0x00000007f2800000,0x00000007f2958010,0x00000007f2980000)
  to   space 8704K, 0% used [0x00000007f2e80000,0x00000007f2e80000,0x00000007f3700000)
 ParOldGen       total 43520K, used 13381K [0x00000007c0000000, 0x00000007c2a80000, 0x00000007eaa80000)
  object space 43520K, 30% used [0x00000007c0000000,0x00000007c0d114a8,0x00000007c2a80000)
 PSPermGen       total 21504K, used 20842K [0x00000007bae00000, 0x00000007bc300000, 0x00000007c0000000)
  object space 21504K, 96% used [0x00000007bae00000,0x00000007bc25a8e0,0x00000007bc300000)
}
Event: 74531.482 GC heap before
{Heap before GC invocations=8 (full 0):
 PSYoungGen      total 64000K, used 63840K [0x00000007eaa80000, 0x00000007f3700000, 0x0000000800000000)
  eden space 62464K, 100% used [0x00000007eaa80000,0x00000007ee780000,0x00000007ee780000)
  from space 1536K, 89% used [0x00000007f2800000,0x00000007f2958010,0x00000007f2980000)
  to   space 8704K, 0% used [0x00000007f2e80000,0x00000007f2e80000,0x00000007f3700000)
 ParOldGen       total 43520K, used 13381K [0x00000007c0000000, 0x00000007c2a80000, 0x00000007eaa80000)
  object space 43520K, 30% used [0x00000007c0000000,0x00000007c0d114a8,0x00000007c2a80000)
 PSPermGen       total 21504K, used 20842K [0x00000007bae00000, 0x00000007bc300000, 0x00000007c0000000)
  object space 21504K, 96% used [0x00000007bae00000,0x00000007bc25a8e0,0x00000007bc300000)
Event: 74531.875 GC heap after
Heap after GC invocations=8 (full 0):
 PSYoungGen      total 60928K, used 96K [0x00000007eaa80000, 0x00000007f2f00000, 0x0000000800000000)
  eden space 60416K, 0% used [0x00000007eaa80000,0x00000007eaa80000,0x00000007ee580000)
  from space 512K, 18% used [0x00000007f2e80000,0x00000007f2e98000,0x00000007f2f00000)
  to   space 9216K, 0% used [0x00000007f1d00000,0x00000007f1d00000,0x00000007f2600000)
 ParOldGen       total 43520K, used 14719K [0x00000007c0000000, 0x00000007c2a80000, 0x00000007eaa80000)
  object space 43520K, 33% used [0x00000007c0000000,0x00000007c0e5fd08,0x00000007c2a80000)
 PSPermGen       total 21504K, used 20842K [0x00000007bae00000, 0x00000007bc300000, 0x00000007c0000000)
  object space 21504K, 96% used [0x00000007bae00000,0x00000007bc25a8e0,0x00000007bc300000)
}

Deoptimization events (10 events):
Event: 1.955 Thread 0x00007f9883807000 Uncommon trap: reason=class_check action=maybe_recompile pc=0x000000010146a4d0 method=java.lang.String.equals(Ljava/lang/Object;)Z @ 8
Event: 1.970 Thread 0x00007f9883807000 Uncommon trap: reason=class_check action=maybe_recompile pc=0x000000010146a4d0 method=java.lang.String.equals(Ljava/lang/Object;)Z @ 8
Event: 2.378 Thread 0x00007f9883807000 Uncommon trap: reason=unreached action=reinterpret pc=0x000000010148edc8 method=java.lang.AbstractStringBuilder.append(Ljava/lang/String;)Ljava/lang/AbstractStringBuilder; @ 1
Event: 2.378 Thread 0x00007f9883807000 Uncommon trap: reason=unreached action=reinterpret pc=0x000000010148c644 method=java.lang.AbstractStringBuilder.append(Ljava/lang/String;)Ljava/lang/AbstractStringBuilder; @ 1
Event: 3.842 Thread 0x00007f9883807000 Uncommon trap: reason=unreached action=reinterpret pc=0x00000001014cbbb4 method=java.lang.Class.searchMethods([Ljava/lang/reflect/Method;Ljava/lang/String;[Ljava/lang/Class;)Ljava/lang/reflect/Method; @ 47
Event: 4.050 Thread 0x00007f9883807000 Uncommon trap: reason=unreached action=reinterpret pc=0x000000010149cd5c method=java.lang.reflect.Method.equals(Ljava/lang/Object;)Z @ 49
Event: 4.224 Thread 0x00007f9883807000 Uncommon trap: reason=null_check action=make_not_entrant pc=0x000000010147e3cc method=sun.reflect.Reflection.filterMethods(Ljava/lang/Class;[Ljava/lang/reflect/Method;)[Ljava/lang/reflect/Method; @ 18
Event: 4.280 Thread 0x00007f9883807000 Uncommon trap: reason=null_check action=make_not_entrant pc=0x00000001014da768 method=sun.reflect.Reflection.filterMethods(Ljava/lang/Class;[Ljava/lang/reflect/Method;)[Ljava/lang/reflect/Method; @ 18
Event: 1752.567 Thread 0x00007f9883aea000 Uncommon trap: reason=range_check action=make_not_entrant pc=0x0000000101487cac method=java.text.SimpleDateFormat.format(Ljava/util/Date;Ljava/lang/StringBuffer;Ljava/text/Format$FieldDelegate;)Ljava/lang/StringBuffer; @ 48
Event: 5838.174 Thread 0x00007f988339e000 Uncommon trap: reason=unreached action=reinterpret pc=0x00000001014b4978 method=java.util.concurrent.locks.AbstractQueuedSynchronizer$ConditionObject.unlinkCancelledWaiters()V @ 31

Internal exceptions (10 events):
Event: 65.324 Thread 0x00007f98831b5800 Threw 0x00000007ec9ed098 at /HUDSON/workspace/7u-2-build-macosx-x86_64/jdk7u60/1081/hotspot/src/share/vm/prims/jvm.cpp:1244
Event: 65.325 Thread 0x00007f98831b5800 Threw 0x00000007ec9f0d10 at /HUDSON/workspace/7u-2-build-macosx-x86_64/jdk7u60/1081/hotspot/src/share/vm/prims/jvm.cpp:1244
Event: 65.327 Thread 0x00007f98831b5800 Threw 0x00000007ec9f6660 at /HUDSON/workspace/7u-2-build-macosx-x86_64/jdk7u60/1081/hotspot/src/share/vm/prims/jvm.cpp:1244
Event: 65.327 Thread 0x00007f98831b5800 Threw 0x00000007ec9fb2f8 at /HUDSON/workspace/7u-2-build-macosx-x86_64/jdk7u60/1081/hotspot/src/share/vm/prims/jvm.cpp:1244
Event: 65.328 Thread 0x00007f98831b5800 Threw 0x00000007eca00400 at /HUDSON/workspace/7u-2-build-macosx-x86_64/jdk7u60/1081/hotspot/src/share/vm/prims/jvm.cpp:1244
Event: 65.330 Thread 0x00007f98831b5800 Threw 0x00000007eca078b0 at /HUDSON/workspace/7u-2-build-macosx-x86_64/jdk7u60/1081/hotspot/src/share/vm/prims/jvm.cpp:1244
Event: 66.798 Thread 0x00007f98839f1800 Threw 0x00000007eca0f408 at /HUDSON/workspace/7u-2-build-macosx-x86_64/jdk7u60/1081/hotspot/src/share/vm/prims/jvm.cpp:1244
Event: 66.800 Thread 0x00007f98839f1800 Threw 0x00000007eca12910 at /HUDSON/workspace/7u-2-build-macosx-x86_64/jdk7u60/1081/hotspot/src/share/vm/prims/jvm.cpp:1244
Event: 75141.108 Thread 0x00007f98830ea800 Threw 0x00000007eaf5cda8 at /HUDSON/workspace/7u-2-build-macosx-x86_64/jdk7u60/1081/hotspot/src/share/vm/prims/jvm.cpp:1244
Event: 75141.109 Thread 0x00007f9883abd800 Threw 0x00000007eaf7cea8 at /HUDSON/workspace/7u-2-build-macosx-x86_64/jdk7u60/1081/hotspot/src/share/vm/prims/jni.cpp:717

Events (10 events):
Event: 75141.067 loading class 0x00007f98830f2290
Event: 75141.068 loading class 0x00007f98830f2290 done
Event: 75141.068 loading class 0x00007f98830f2260 done
Event: 75141.069 Thread 0x00007f98830e9800 Thread added: 0x00007f98830e9800
Event: 75141.069 Thread 0x00007f98830ea800 Thread added: 0x00007f98830ea800
Event: 75141.094 Thread 0x00007f98830e9800 Thread exited: 0x00007f98830e9800
Event: 75141.100 loading class 0x00007f9882e04320
Event: 75141.100 loading class 0x00007f9882e04320 done
Event: 75141.109 loading class 0x00007f9883a926a0
Event: 75141.112 loading class 0x00007f9883a926a0 done


Dynamic libraries:
0x0000000008808000 	/System/Library/Frameworks/Cocoa.framework/Versions/A/Cocoa
0x0000000008808000 	/System/Library/Frameworks/Security.framework/Versions/A/Security
0x0000000008808000 	/System/Library/Frameworks/ApplicationServices.framework/Versions/A/ApplicationServices
0x0000000008808000 	/usr/lib/libz.1.dylib
0x0000000008808000 	/usr/lib/libSystem.B.dylib
0x0000000008808000 	/usr/lib/libobjc.A.dylib
0x0000000008808000 	/System/Library/Frameworks/CoreFoundation.framework/Versions/A/CoreFoundation
0x0000000008808000 	/System/Library/Frameworks/Foundation.framework/Versions/C/Foundation
0x0000000008808000 	/System/Library/Frameworks/AppKit.framework/Versions/C/AppKit
0x0000000008808000 	/System/Library/Frameworks/CoreData.framework/Versions/A/CoreData
0x0000000008808000 	/System/Library/PrivateFrameworks/RemoteViewServices.framework/Versions/A/RemoteViewServices
0x0000000008808000 	/System/Library/Frameworks/AudioToolbox.framework/Versions/A/AudioToolbox
0x0000000008808000 	/System/Library/Frameworks/AudioUnit.framework/Versions/A/AudioUnit
0x0000000008808000 	/System/Library/PrivateFrameworks/DataDetectorsCore.framework/Versions/A/DataDetectorsCore
0x0000000008808000 	/System/Library/PrivateFrameworks/DesktopServicesPriv.framework/Versions/A/DesktopServicesPriv
0x0000000008808000 	/System/Library/Frameworks/Carbon.framework/Versions/A/Frameworks/HIToolbox.framework/Versions/A/HIToolbox
0x0000000008808000 	/System/Library/Frameworks/QuartzCore.framework/Versions/A/QuartzCore
0x0000000008808000 	/System/Library/Frameworks/Carbon.framework/Versions/A/Frameworks/SpeechRecognition.framework/Versions/A/SpeechRecognition
0x0000000008808000 	/usr/lib/libauto.dylib
0x0000000008808000 	/usr/lib/libicucore.A.dylib
0x0000000008808000 	/usr/lib/libxml2.2.dylib
0x0000000008808000 	/System/Library/PrivateFrameworks/CoreUI.framework/Versions/A/CoreUI
0x0000000008808000 	/System/Library/Frameworks/CoreAudio.framework/Versions/A/CoreAudio
0x0000000008808000 	/System/Library/Frameworks/DiskArbitration.framework/Versions/A/DiskArbitration
0x0000000008808000 	/usr/lib/liblangid.dylib
0x0000000008808000 	/System/Library/PrivateFrameworks/MultitouchSupport.framework/Versions/A/MultitouchSupport
0x0000000008808000 	/System/Library/Frameworks/IOKit.framework/Versions/A/IOKit
0x0000000008808000 	/usr/lib/libDiagnosticMessagesClient.dylib
0x0000000008808000 	/System/Library/Frameworks/CoreServices.framework/Versions/A/CoreServices
0x0000000008808000 	/System/Library/PrivateFrameworks/PerformanceAnalysis.framework/Versions/A/PerformanceAnalysis
0x0000000008808000 	/System/Library/PrivateFrameworks/GenerationalStorage.framework/Versions/A/GenerationalStorage
0x0000000008808000 	/System/Library/Frameworks/OpenGL.framework/Versions/A/OpenGL
0x0000000008808000 	/System/Library/PrivateFrameworks/Sharing.framework/Versions/A/Sharing
0x0000000008808000 	/System/Library/Frameworks/ImageIO.framework/Versions/A/ImageIO
0x0000000008808000 	/System/Library/Frameworks/CoreText.framework/Versions/A/CoreText
0x0000000008808000 	/System/Library/Frameworks/CoreGraphics.framework/Versions/A/CoreGraphics
0x0000000008808000 	/System/Library/PrivateFrameworks/Backup.framework/Versions/A/Backup
0x0000000008808000 	/System/Library/Frameworks/CFNetwork.framework/Versions/A/CFNetwork
0x0000000008808000 	/System/Library/Frameworks/SystemConfiguration.framework/Versions/A/SystemConfiguration
0x0000000008808000 	/usr/lib/libCRFSuite.dylib
0x0000000008808000 	/usr/lib/libc++.1.dylib
0x0000000008808000 	/usr/lib/libc++abi.dylib
0x0000000008808000 	/usr/lib/system/libcache.dylib
0x0000000008808000 	/usr/lib/system/libcommonCrypto.dylib
0x0000000008808000 	/usr/lib/system/libcompiler_rt.dylib
0x0000000008808000 	/usr/lib/system/libcopyfile.dylib
0x0000000008808000 	/usr/lib/system/libcorecrypto.dylib
0x0000000008808000 	/usr/lib/system/libdispatch.dylib
0x0000000008808000 	/usr/lib/system/libdyld.dylib
0x0000000008808000 	/usr/lib/system/libkeymgr.dylib
0x0000000008808000 	/usr/lib/system/liblaunch.dylib
0x0000000008808000 	/usr/lib/system/libmacho.dylib
0x0000000008808000 	/usr/lib/system/libquarantine.dylib
0x0000000008808000 	/usr/lib/system/libremovefile.dylib
0x0000000008808000 	/usr/lib/system/libsystem_asl.dylib
0x0000000008808000 	/usr/lib/system/libsystem_blocks.dylib
0x0000000008808000 	/usr/lib/system/libsystem_c.dylib
0x0000000008808000 	/usr/lib/system/libsystem_configuration.dylib
0x0000000008808000 	/usr/lib/system/libsystem_dnssd.dylib
0x0000000008808000 	/usr/lib/system/libsystem_info.dylib
0x0000000008808000 	/usr/lib/system/libsystem_kernel.dylib
0x0000000008808000 	/usr/lib/system/libsystem_m.dylib
0x0000000008808000 	/usr/lib/system/libsystem_malloc.dylib
0x0000000008808000 	/usr/lib/system/libsystem_network.dylib
0x0000000008808000 	/usr/lib/system/libsystem_notify.dylib
0x0000000008808000 	/usr/lib/system/libsystem_platform.dylib
0x0000000008808000 	/usr/lib/system/libsystem_pthread.dylib
0x0000000008808000 	/usr/lib/system/libsystem_sandbox.dylib
0x0000000008808000 	/usr/lib/system/libsystem_stats.dylib
0x0000000008808000 	/usr/lib/system/libunc.dylib
0x0000000008808000 	/usr/lib/system/libunwind.dylib
0x0000000008808000 	/usr/lib/system/libxpc.dylib
0x0000000008808000 	/usr/lib/libbsm.0.dylib
0x0000000008808000 	/usr/lib/libsqlite3.dylib
0x0000000008808000 	/usr/lib/libxar.1.dylib
0x0000000008808000 	/usr/lib/libpam.2.dylib
0x0000000008808000 	/usr/lib/libOpenScriptingUtil.dylib
0x0000000008808000 	/usr/lib/libbz2.1.0.dylib
0x0000000008808000 	/System/Library/Frameworks/CoreServices.framework/Versions/A/Frameworks/CarbonCore.framework/Versions/A/CarbonCore
0x0000000008808000 	/System/Library/Frameworks/CoreServices.framework/Versions/A/Frameworks/Metadata.framework/Versions/A/Metadata
0x0000000008808000 	/System/Library/Frameworks/CoreServices.framework/Versions/A/Frameworks/OSServices.framework/Versions/A/OSServices
0x0000000008808000 	/System/Library/Frameworks/CoreServices.framework/Versions/A/Frameworks/SearchKit.framework/Versions/A/SearchKit
0x0000000008808000 	/System/Library/Frameworks/CoreServices.framework/Versions/A/Frameworks/AE.framework/Versions/A/AE
0x0000000008808000 	/System/Library/Frameworks/CoreServices.framework/Versions/A/Frameworks/LaunchServices.framework/Versions/A/LaunchServices
0x0000000008808000 	/System/Library/Frameworks/CoreServices.framework/Versions/A/Frameworks/DictionaryServices.framework/Versions/A/DictionaryServices
0x0000000008808000 	/System/Library/Frameworks/NetFS.framework/Versions/A/NetFS
0x0000000008808000 	/usr/lib/system/libkxld.dylib
0x0000000008808000 	/System/Library/PrivateFrameworks/NetAuth.framework/Versions/A/NetAuth
0x0000000008808000 	/System/Library/PrivateFrameworks/TCC.framework/Versions/A/TCC
0x0000000008808000 	/System/Library/Frameworks/OpenDirectory.framework/Versions/A/Frameworks/CFOpenDirectory.framework/Versions/A/CFOpenDirectory
0x0000000008808000 	/System/Library/Frameworks/ServiceManagement.framework/Versions/A/ServiceManagement
0x0000000008808000 	/usr/lib/libxslt.1.dylib
0x0000000008808000 	/System/Library/Frameworks/Carbon.framework/Versions/A/Frameworks/Ink.framework/Versions/A/Ink
0x0000000008808000 	/System/Library/Frameworks/ApplicationServices.framework/Versions/A/Frameworks/ATS.framework/Versions/A/ATS
0x0000000008808000 	/System/Library/Frameworks/ApplicationServices.framework/Versions/A/Frameworks/ColorSync.framework/Versions/A/ColorSync
0x0000000008808000 	/System/Library/Frameworks/ApplicationServices.framework/Versions/A/Frameworks/HIServices.framework/Versions/A/HIServices
0x0000000008808000 	/System/Library/Frameworks/ApplicationServices.framework/Versions/A/Frameworks/LangAnalysis.framework/Versions/A/LangAnalysis
0x0000000008808000 	/System/Library/Frameworks/ApplicationServices.framework/Versions/A/Frameworks/PrintCore.framework/Versions/A/PrintCore
0x0000000008808000 	/System/Library/Frameworks/ApplicationServices.framework/Versions/A/Frameworks/QD.framework/Versions/A/QD
0x0000000008808000 	/System/Library/Frameworks/ApplicationServices.framework/Versions/A/Frameworks/SpeechSynthesis.framework/Versions/A/SpeechSynthesis
0x0000000008808000 	/System/Library/Frameworks/IOSurface.framework/Versions/A/IOSurface
0x0000000008808000 	/System/Library/Frameworks/Accelerate.framework/Versions/A/Accelerate
0x0000000008808000 	/System/Library/Frameworks/Accelerate.framework/Versions/A/Frameworks/vImage.framework/Versions/A/vImage
0x0000000008808000 	/System/Library/Frameworks/Accelerate.framework/Versions/A/Frameworks/vecLib.framework/Versions/A/vecLib
0x0000000008808000 	/System/Library/Frameworks/Accelerate.framework/Versions/A/Frameworks/vecLib.framework/Versions/A/libvDSP.dylib
0x0000000008808000 	/System/Library/Frameworks/Accelerate.framework/Versions/A/Frameworks/vecLib.framework/Versions/A/libvMisc.dylib
0x0000000008808000 	/System/Library/Frameworks/Accelerate.framework/Versions/A/Frameworks/vecLib.framework/Versions/A/libLAPACK.dylib
0x0000000008808000 	/System/Library/Frameworks/Accelerate.framework/Versions/A/Frameworks/vecLib.framework/Versions/A/libBLAS.dylib
0x0000000008808000 	/System/Library/Frameworks/ApplicationServices.framework/Versions/A/Frameworks/ATS.framework/Versions/A/Resources/libFontParser.dylib
0x0000000008808000 	/System/Library/Frameworks/ApplicationServices.framework/Versions/A/Frameworks/ATS.framework/Versions/A/Resources/libFontRegistry.dylib
0x0000000008808000 	/System/Library/Frameworks/ImageIO.framework/Versions/A/Resources/libJPEG.dylib
0x0000000008808000 	/System/Library/Frameworks/ImageIO.framework/Versions/A/Resources/libTIFF.dylib
0x0000000008808000 	/System/Library/Frameworks/ImageIO.framework/Versions/A/Resources/libPng.dylib
0x0000000008808000 	/System/Library/Frameworks/ImageIO.framework/Versions/A/Resources/libGIF.dylib
0x0000000008808000 	/System/Library/Frameworks/ImageIO.framework/Versions/A/Resources/libJP2.dylib
0x0000000008808000 	/System/Library/Frameworks/ImageIO.framework/Versions/A/Resources/libRadiance.dylib
0x0000000008808000 	/usr/lib/libcups.2.dylib
0x0000000008808000 	/System/Library/Frameworks/Kerberos.framework/Versions/A/Kerberos
0x0000000008808000 	/System/Library/Frameworks/GSS.framework/Versions/A/GSS
0x0000000008808000 	/usr/lib/libresolv.9.dylib
0x0000000008808000 	/usr/lib/libiconv.2.dylib
0x0000000008808000 	/System/Library/PrivateFrameworks/Heimdal.framework/Versions/A/Heimdal
0x0000000008808000 	/System/Library/PrivateFrameworks/TrustEvaluationAgent.framework/Versions/A/TrustEvaluationAgent
0x0000000008808000 	/usr/lib/libheimdal-asn1.dylib
0x0000000008808000 	/System/Library/Frameworks/OpenDirectory.framework/Versions/A/OpenDirectory
0x0000000008808000 	/System/Library/PrivateFrameworks/CommonAuth.framework/Versions/A/CommonAuth
0x0000000008808000 	/System/Library/Frameworks/SecurityFoundation.framework/Versions/A/SecurityFoundation
0x0000000008808000 	/System/Library/PrivateFrameworks/Bom.framework/Versions/A/Bom
0x0000000008808000 	/System/Library/Frameworks/CoreVideo.framework/Versions/A/CoreVideo
0x0000000008808000 	/System/Library/Frameworks/QuartzCore.framework/Versions/A/Frameworks/CoreImage.framework/Versions/A/CoreImage
0x0000000008808000 	/System/Library/Frameworks/QuartzCore.framework/Versions/A/Frameworks/ScalableUserInterface.framework/Versions/A/ScalableUserInterface
0x0000000008808000 	/System/Library/Frameworks/OpenGL.framework/Versions/A/Libraries/libGLU.dylib
0x0000000008808000 	/System/Library/Frameworks/OpenGL.framework/Versions/A/Libraries/libGFXShared.dylib
0x0000000008808000 	/System/Library/Frameworks/OpenGL.framework/Versions/A/Libraries/libGL.dylib
0x0000000008808000 	/System/Library/Frameworks/OpenGL.framework/Versions/A/Libraries/libGLImage.dylib
0x0000000008808000 	/System/Library/Frameworks/OpenGL.framework/Versions/A/Libraries/libCVMSPluginSupport.dylib
0x0000000008808000 	/System/Library/Frameworks/OpenGL.framework/Versions/A/Libraries/libCoreVMClient.dylib
0x0000000008808000 	/System/Library/PrivateFrameworks/FaceCore.framework/Versions/A/FaceCore
0x0000000008808000 	/System/Library/PrivateFrameworks/CrashReporterSupport.framework/Versions/A/CrashReporterSupport
0x0000000008808000 	/System/Library/Frameworks/OpenCL.framework/Versions/A/OpenCL
0x0000000008808000 	/System/Library/PrivateFrameworks/AppleFSCompression.framework/Versions/A/AppleFSCompression
0x0000000008808000 	/System/Library/PrivateFrameworks/Ubiquity.framework/Versions/A/Ubiquity
0x0000000008808000 	/System/Library/PrivateFrameworks/IconServices.framework/Versions/A/IconServices
0x0000000008808000 	/System/Library/PrivateFrameworks/ChunkingLibrary.framework/Versions/A/ChunkingLibrary
0x0000000008808000 	/System/Library/PrivateFrameworks/CoreSymbolication.framework/Versions/A/CoreSymbolication
0x0000000008808000 	/System/Library/PrivateFrameworks/Symbolication.framework/Versions/A/Symbolication
0x0000000008808000 	/System/Library/PrivateFrameworks/DebugSymbols.framework/Versions/A/DebugSymbols
0x00000001003bc000 	/Library/Java/JavaVirtualMachines/jdk1.7.0_60.jdk/Contents/Home/jre/lib/server/libjvm.dylib
0x0000000008808000 	/usr/lib/libstdc++.6.dylib
0x0000000100f34000 	/Library/Java/JavaVirtualMachines/jdk1.7.0_60.jdk/Contents/Home/jre/lib/libverify.dylib
0x0000000100f41000 	/Library/Java/JavaVirtualMachines/jdk1.7.0_60.jdk/Contents/Home/jre/lib/libjava.dylib
0x0000000100f7b000 	/Library/Java/JavaVirtualMachines/jdk1.7.0_60.jdk/Contents/Home/jre/lib/libzip.dylib
0x0000000100fe3000 	/System/Library/Frameworks/JavaVM.framework/Frameworks/JavaRuntimeSupport.framework/JavaRuntimeSupport
0x0000000107e37000 	/System/Library/Frameworks/JavaVM.framework/Versions/A/Frameworks/JavaNativeFoundation.framework/Versions/A/JavaNativeFoundation
0x0000000107e4c000 	/System/Library/Frameworks/JavaVM.framework/Versions/A/JavaVM
0x0000000008808000 	/System/Library/Frameworks/Carbon.framework/Versions/A/Carbon
0x0000000107e59000 	/System/Library/PrivateFrameworks/JavaLaunching.framework/Versions/A/JavaLaunching
0x0000000008808000 	/System/Library/Frameworks/Carbon.framework/Versions/A/Frameworks/CommonPanels.framework/Versions/A/CommonPanels
0x0000000008808000 	/System/Library/Frameworks/Carbon.framework/Versions/A/Frameworks/Help.framework/Versions/A/Help
0x0000000008808000 	/System/Library/Frameworks/Carbon.framework/Versions/A/Frameworks/ImageCapture.framework/Versions/A/ImageCapture
0x0000000008808000 	/System/Library/Frameworks/Carbon.framework/Versions/A/Frameworks/OpenScripting.framework/Versions/A/OpenScripting
0x0000000008808000 	/System/Library/Frameworks/Carbon.framework/Versions/A/Frameworks/Print.framework/Versions/A/Print
0x0000000008808000 	/System/Library/Frameworks/Carbon.framework/Versions/A/Frameworks/SecurityHI.framework/Versions/A/SecurityHI
0x000000010856e000 	/Library/Java/JavaVirtualMachines/jdk1.7.0_60.jdk/Contents/Home/jre/lib/libnet.dylib
0x000000010877d000 	/Library/Java/JavaVirtualMachines/jdk1.7.0_60.jdk/Contents/Home/jre/lib/libnio.dylib
0x0000000108932000 	/Library/Java/JavaVirtualMachines/jdk1.7.0_60.jdk/Contents/Home/jre/lib/libmanagement.dylib

VM Arguments:
java_command: target/veintobrain-0.0.1-SNAPSHOT.jar server veintobrain.yaml
Launcher Type: SUN_STANDARD

Environment Variables:
JAVA_HOME=/Library/Java/JavaVirtualMachines/jdk1.7.0_60.jdk/Contents/Home
PATH=/Library/Java/JavaVirtualMachines/jdk1.7.0_60.jdk/Contents/Home/bin:/usr/local/apache-maven/apache-maven-3.2.2/bin:/usr/bin:/bin:/usr/sbin:/sbin:/usr/local/bin
SHELL=/bin/bash

Signal Handlers:
SIGSEGV: [libjvm.dylib+0x52b7b1], sa_mask[0]=0xfffefeff, sa_flags=0x00000043
SIGBUS: [libjvm.dylib+0x52b7b1], sa_mask[0]=0xfffefeff, sa_flags=0x00000042
SIGFPE: [libjvm.dylib+0x41e28a], sa_mask[0]=0xfffefeff, sa_flags=0x00000042
SIGPIPE: [libjvm.dylib+0x41e28a], sa_mask[0]=0xfffefeff, sa_flags=0x00000042
SIGXFSZ: [libjvm.dylib+0x41e28a], sa_mask[0]=0xfffefeff, sa_flags=0x00000042
SIGILL: [libjvm.dylib+0x41e28a], sa_mask[0]=0xfffefeff, sa_flags=0x00000042
SIGUSR1: SIG_DFL, sa_mask[0]=0x63807efb, sa_flags=0x00000000
SIGUSR2: [libjvm.dylib+0x41dd7c], sa_mask[0]=0x00000000, sa_flags=0x00000042
SIGHUP: [libjvm.dylib+0x41c00b], sa_mask[0]=0xfffefeff, sa_flags=0x00000042
SIGINT: [libjvm.dylib+0x41c00b], sa_mask[0]=0xfffefeff, sa_flags=0x00000042
SIGTERM: [libjvm.dylib+0x41c00b], sa_mask[0]=0xfffefeff, sa_flags=0x00000042
SIGQUIT: [libjvm.dylib+0x41c00b], sa_mask[0]=0xfffefeff, sa_flags=0x00000042


---------------  S Y S T E M  ---------------

OS:Bsduname:Darwin 13.1.0 Darwin Kernel Version 13.1.0: Thu Jan 16 19:40:37 PST 2014; root:xnu-2422.90.20~2/RELEASE_X86_64 x86_64
rlimit: STACK 8192k, CORE 0k, NPROC 709, NOFILE 10240, AS infinity
load average:4.16 3.79 3.65

CPU:total 2 (2 cores per cpu, 1 threads per core) family 6 model 23 stepping 10, cmov, cx8, fxsr, mmx, sse, sse2, sse3, ssse3, sse4.1, tsc

Memory: 4k page, physical 4194304k(1048576k free)

/proc/meminfo:


vm_info: Java HotSpot(TM) 64-Bit Server VM (24.60-b09) for bsd-amd64 JRE (1.7.0_60-b19), built on May  7 2014 12:52:25 by "java_re" with gcc 4.2.1 (Based on Apple Inc. build 5658) (LLVM build 2336.11.00)

time: Wed Jul 16 16:16:04 2014
elapsed time: 75141 seconds

